XXX
XXL
XXZ
XXD
XXT
XXC
XXG
XXA
XLX
XLL
XLZ
XLD
XLT
XLC
XLG
XLA
XZX
XZL
XZZ
XZD
XZT
XZC
XZG
XZA
XDX
XDL
XDZ
XDD
XDT
XDC
XDG
XDA
XTX
XTL
XTZ
XTD
XTT
XTC
XTG
XTA
XCX
XCL
XCZ
XCD
XCT
XCC
XCG
XCA
XGX
XGL
XGZ
XGD
XGT
XGC
XGG
XGA
XAX
XAL
XAZ
XAD
XAT
XAC
XAG
XAA
LXX
LXL
LXZ
LXD
LXT
LXC
LXG
LXA
LLX
LLL
LLZ
LLD
LLT
LLC
LLG
LLA
LZX
LZL
LZZ
LZD
LZT
LZC
LZG
LZA
LDX
LDL
LDZ
LDD
LDT
LDC
LDG
LDA
LTX
LTL
LTZ
LTD
LTT
LTC
LTG
LTA
LCX
LCL
LCZ
LCD
LCT
LCC
LCG
LCA
LGX
LGL
LGZ
LGD
LGT
LGC
LGG
LGA
LAX
LAL
LAZ
LAD
LAT
LAC
LAG
LAA
ZXX
ZXL
ZXZ
ZXD
ZXT
ZXC
ZXG
ZXA
ZLX
ZLL
ZLZ
ZLD
ZLT
ZLC
ZLG
ZLA
ZZX
ZZL
ZZZ
ZZD
ZZT
ZZC
ZZG
ZZA
ZDX
ZDL
ZDZ
ZDD
ZDT
ZDC
ZDG
ZDA
ZTX
ZTL
ZTZ
ZTD
ZTT
ZTC
ZTG
ZTA
ZCX
ZCL
ZCZ
ZCD
ZCT
ZCC
ZCG
ZCA
ZGX
ZGL
ZGZ
ZGD
ZGT
ZGC
ZGG
ZGA
ZAX
ZAL
ZAZ
ZAD
ZAT
ZAC
ZAG
ZAA
DXX
DXL
DXZ
DXD
DXT
DXC
DXG
DXA
DLX
DLL
DLZ
DLD
DLT
DLC
DLG
DLA
DZX
DZL
DZZ
DZD
DZT
DZC
DZG
DZA
DDX
DDL
DDZ
DDD
DDT
DDC
DDG
DDA
DTX
DTL
DTZ
DTD
DTT
DTC
DTG
DTA
DCX
DCL
DCZ
DCD
DCT
DCC
DCG
DCA
DGX
DGL
DGZ
DGD
DGT
DGC
DGG
DGA
DAX
DAL
DAZ
DAD
DAT
DAC
DAG
DAA
TXX
TXL
TXZ
TXD
TXT
TXC
TXG
TXA
TLX
TLL
TLZ
TLD
TLT
TLC
TLG
TLA
TZX
TZL
TZZ
TZD
TZT
TZC
TZG
TZA
TDX
TDL
TDZ
TDD
TDT
TDC
TDG
TDA
TTX
TTL
TTZ
TTD
TTT
TTC
TTG
TTA
TCX
TCL
TCZ
TCD
TCT
TCC
TCG
TCA
TGX
TGL
TGZ
TGD
TGT
TGC
TGG
TGA
TAX
TAL
TAZ
TAD
TAT
TAC
TAG
TAA
CXX
CXL
CXZ
CXD
CXT
CXC
CXG
CXA
CLX
CLL
CLZ
CLD
CLT
CLC
CLG
CLA
CZX
CZL
CZZ
CZD
CZT
CZC
CZG
CZA
CDX
CDL
CDZ
CDD
CDT
CDC
CDG
CDA
CTX
CTL
CTZ
CTD
CTT
CTC
CTG
CTA
CCX
CCL
CCZ
CCD
CCT
CCC
CCG
CCA
CGX
CGL
CGZ
CGD
CGT
CGC
CGG
CGA
CAX
CAL
CAZ
CAD
CAT
CAC
CAG
CAA
GXX
GXL
GXZ
GXD
GXT
GXC
GXG
GXA
GLX
GLL
GLZ
GLD
GLT
GLC
GLG
GLA
GZX
GZL
GZZ
GZD
GZT
GZC
GZG
GZA
GDX
GDL
GDZ
GDD
GDT
GDC
GDG
GDA
GTX
GTL
GTZ
GTD
GTT
GTC
GTG
GTA
GCX
GCL
GCZ
GCD
GCT
GCC
GCG
GCA
GGX
GGL
GGZ
GGD
GGT
GGC
GGG
GGA
GAX
GAL
GAZ
GAD
GAT
GAC
GAG
GAA
AXX
AXL
AXZ
AXD
AXT
AXC
AXG
AXA
ALX
ALL
ALZ
ALD
ALT
ALC
ALG
ALA
AZX
AZL
AZZ
AZD
AZT
AZC
AZG
AZA
ADX
ADL
ADZ
ADD
ADT
ADC
ADG
ADA
ATX
ATL
ATZ
ATD
ATT
ATC
ATG
ATA
ACX
ACL
ACZ
ACD
ACT
ACC
ACG
ACA
AGX
AGL
AGZ
AGD
AGT
AGC
AGG
AGA
AAX
AAL
AAZ
AAD
AAT
AAC
AAG
AAA

