Y
YY
YYY
YYS
YYT
YYC
YYW
YYR
YYZ
YYP
YYV
YYF
YS
YSY
YSS
YST
YSC
YSW
YSR
YSZ
YSP
YSV
YSF
YT
YTY
YTS
YTT
YTC
YTW
YTR
YTZ
YTP
YTV
YTF
YC
YCY
YCS
YCT
YCC
YCW
YCR
YCZ
YCP
YCV
YCF
YW
YWY
YWS
YWT
YWC
YWW
YWR
YWZ
YWP
YWV
YWF
YR
YRY
YRS
YRT
YRC
YRW
YRR
YRZ
YRP
YRV
YRF
YZ
YZY
YZS
YZT
YZC
YZW
YZR
YZZ
YZP
YZV
YZF
YP
YPY
YPS
YPT
YPC
YPW
YPR
YPZ
YPP
YPV
YPF
YV
YVY
YVS
YVT
YVC
YVW
YVR
YVZ
YVP
YVV
YVF
YF
YFY
YFS
YFT
YFC
YFW
YFR
YFZ
YFP
YFV
YFF
S
SY
SYY
SYS
SYT
SYC
SYW
SYR
SYZ
SYP
SYV
SYF
SS
SSY
SSS
SST
SSC
SSW
SSR
SSZ
SSP
SSV
SSF
ST
STY
STS
STT
STC
STW
STR
STZ
STP
STV
STF
SC
SCY
SCS
SCT
SCC
SCW
SCR
SCZ
SCP
SCV
SCF
SW
SWY
SWS
SWT
SWC
SWW
SWR
SWZ
SWP
SWV
SWF
SR
SRY
SRS
SRT
SRC
SRW
SRR
SRZ
SRP
SRV
SRF
SZ
SZY
SZS
SZT
SZC
SZW
SZR
SZZ
SZP
SZV
SZF
SP
SPY
SPS
SPT
SPC
SPW
SPR
SPZ
SPP
SPV
SPF
SV
SVY
SVS
SVT
SVC
SVW
SVR
SVZ
SVP
SVV
SVF
SF
SFY
SFS
SFT
SFC
SFW
SFR
SFZ
SFP
SFV
SFF
T
TY
TYY
TYS
TYT
TYC
TYW
TYR
TYZ
TYP
TYV
TYF
TS
TSY
TSS
TST
TSC
TSW
TSR
TSZ
TSP
TSV
TSF
TT
TTY
TTS
TTT
TTC
TTW
TTR
TTZ
TTP
TTV
TTF
TC
TCY
TCS
TCT
TCC
TCW
TCR
TCZ
TCP
TCV
TCF
TW
TWY
TWS
TWT
TWC
TWW
TWR
TWZ
TWP
TWV
TWF
TR
TRY
TRS
TRT
TRC
TRW
TRR
TRZ
TRP
TRV
TRF
TZ
TZY
TZS
TZT
TZC
TZW
TZR
TZZ
TZP
TZV
TZF
TP
TPY
TPS
TPT
TPC
TPW
TPR
TPZ
TPP
TPV
TPF
TV
TVY
TVS
TVT
TVC
TVW
TVR
TVZ
TVP
TVV
TVF
TF
TFY
TFS
TFT
TFC
TFW
TFR
TFZ
TFP
TFV
TFF
C
CY
CYY
CYS
CYT
CYC
CYW
CYR
CYZ
CYP
CYV
CYF
CS
CSY
CSS
CST
CSC
CSW
CSR
CSZ
CSP
CSV
CSF
CT
CTY
CTS
CTT
CTC
CTW
CTR
CTZ
CTP
CTV
CTF
CC
CCY
CCS
CCT
CCC
CCW
CCR
CCZ
CCP
CCV
CCF
CW
CWY
CWS
CWT
CWC
CWW
CWR
CWZ
CWP
CWV
CWF
CR
CRY
CRS
CRT
CRC
CRW
CRR
CRZ
CRP
CRV
CRF
CZ
CZY
CZS
CZT
CZC
CZW
CZR
CZZ
CZP
CZV
CZF
CP
CPY
CPS
CPT
CPC
CPW
CPR
CPZ
CPP
CPV
CPF
CV
CVY
CVS
CVT
CVC
CVW
CVR
CVZ
CVP
CVV
CVF
CF
CFY
CFS
CFT
CFC
CFW
CFR
CFZ
CFP
CFV
CFF
W
WY
WYY
WYS
WYT
WYC
WYW
WYR
WYZ
WYP
WYV
WYF
WS
WSY
WSS
WST
WSC
WSW
WSR
WSZ
WSP
WSV
WSF
WT
WTY
WTS
WTT
WTC
WTW
WTR
WTZ
WTP
WTV
WTF
WC
WCY
WCS
WCT
WCC
WCW
WCR
WCZ
WCP
WCV
WCF
WW
WWY
WWS
WWT
WWC
WWW
WWR
WWZ
WWP
WWV
WWF
WR
WRY
WRS
WRT
WRC
WRW
WRR
WRZ
WRP
WRV
WRF
WZ
WZY
WZS
WZT
WZC
WZW
WZR
WZZ
WZP
WZV
WZF
WP
WPY
WPS
WPT
WPC
WPW
WPR
WPZ
WPP
WPV
WPF
WV
WVY
WVS
WVT
WVC
WVW
WVR
WVZ
WVP
WVV
WVF
WF
WFY
WFS
WFT
WFC
WFW
WFR
WFZ
WFP
WFV
WFF
R
RY
RYY
RYS
RYT
RYC
RYW
RYR
RYZ
RYP
RYV
RYF
RS
RSY
RSS
RST
RSC
RSW
RSR
RSZ
RSP
RSV
RSF
RT
RTY
RTS
RTT
RTC
RTW
RTR
RTZ
RTP
RTV
RTF
RC
RCY
RCS
RCT
RCC
RCW
RCR
RCZ
RCP
RCV
RCF
RW
RWY
RWS
RWT
RWC
RWW
RWR
RWZ
RWP
RWV
RWF
RR
RRY
RRS
RRT
RRC
RRW
RRR
RRZ
RRP
RRV
RRF
RZ
RZY
RZS
RZT
RZC
RZW
RZR
RZZ
RZP
RZV
RZF
RP
RPY
RPS
RPT
RPC
RPW
RPR
RPZ
RPP
RPV
RPF
RV
RVY
RVS
RVT
RVC
RVW
RVR
RVZ
RVP
RVV
RVF
RF
RFY
RFS
RFT
RFC
RFW
RFR
RFZ
RFP
RFV
RFF
Z
ZY
ZYY
ZYS
ZYT
ZYC
ZYW
ZYR
ZYZ
ZYP
ZYV
ZYF
ZS
ZSY
ZSS
ZST
ZSC
ZSW
ZSR
ZSZ
ZSP
ZSV
ZSF
ZT
ZTY
ZTS
ZTT
ZTC
ZTW
ZTR
ZTZ
ZTP
ZTV
ZTF
ZC
ZCY
ZCS
ZCT
ZCC
ZCW
ZCR
ZCZ
ZCP
ZCV
ZCF
ZW
ZWY
ZWS
ZWT
ZWC
ZWW
ZWR
ZWZ
ZWP
ZWV
ZWF
ZR
ZRY
ZRS
ZRT
ZRC
ZRW
ZRR
ZRZ
ZRP
ZRV
ZRF
ZZ
ZZY
ZZS
ZZT
ZZC
ZZW
ZZR
ZZZ
ZZP
ZZV
ZZF
ZP
ZPY
ZPS
ZPT
ZPC
ZPW
ZPR
ZPZ
ZPP
ZPV
ZPF
ZV
ZVY
ZVS
ZVT
ZVC
ZVW
ZVR
ZVZ
ZVP
ZVV
ZVF
ZF
ZFY
ZFS
ZFT
ZFC
ZFW
ZFR
ZFZ
ZFP
ZFV
ZFF
P
PY
PYY
PYS
PYT
PYC
PYW
PYR
PYZ
PYP
PYV
PYF
PS
PSY
PSS
PST
PSC
PSW
PSR
PSZ
PSP
PSV
PSF
PT
PTY
PTS
PTT
PTC
PTW
PTR
PTZ
PTP
PTV
PTF
PC
PCY
PCS
PCT
PCC
PCW
PCR
PCZ
PCP
PCV
PCF
PW
PWY
PWS
PWT
PWC
PWW
PWR
PWZ
PWP
PWV
PWF
PR
PRY
PRS
PRT
PRC
PRW
PRR
PRZ
PRP
PRV
PRF
PZ
PZY
PZS
PZT
PZC
PZW
PZR
PZZ
PZP
PZV
PZF
PP
PPY
PPS
PPT
PPC
PPW
PPR
PPZ
PPP
PPV
PPF
PV
PVY
PVS
PVT
PVC
PVW
PVR
PVZ
PVP
PVV
PVF
PF
PFY
PFS
PFT
PFC
PFW
PFR
PFZ
PFP
PFV
PFF
V
VY
VYY
VYS
VYT
VYC
VYW
VYR
VYZ
VYP
VYV
VYF
VS
VSY
VSS
VST
VSC
VSW
VSR
VSZ
VSP
VSV
VSF
VT
VTY
VTS
VTT
VTC
VTW
VTR
VTZ
VTP
VTV
VTF
VC
VCY
VCS
VCT
VCC
VCW
VCR
VCZ
VCP
VCV
VCF
VW
VWY
VWS
VWT
VWC
VWW
VWR
VWZ
VWP
VWV
VWF
VR
VRY
VRS
VRT
VRC
VRW
VRR
VRZ
VRP
VRV
VRF
VZ
VZY
VZS
VZT
VZC
VZW
VZR
VZZ
VZP
VZV
VZF
VP
VPY
VPS
VPT
VPC
VPW
VPR
VPZ
VPP
VPV
VPF
VV
VVY
VVS
VVT
VVC
VVW
VVR
VVZ
VVP
VVV
VVF
VF
VFY
VFS
VFT
VFC
VFW
VFR
VFZ
VFP
VFV
VFF
F
FY
FYY
FYS
FYT
FYC
FYW
FYR
FYZ
FYP
FYV
FYF
FS
FSY
FSS
FST
FSC
FSW
FSR
FSZ
FSP
FSV
FSF
FT
FTY
FTS
FTT
FTC
FTW
FTR
FTZ
FTP
FTV
FTF
FC
FCY
FCS
FCT
FCC
FCW
FCR
FCZ
FCP
FCV
FCF
FW
FWY
FWS
FWT
FWC
FWW
FWR
FWZ
FWP
FWV
FWF
FR
FRY
FRS
FRT
FRC
FRW
FRR
FRZ
FRP
FRV
FRF
FZ
FZY
FZS
FZT
FZC
FZW
FZR
FZZ
FZP
FZV
FZF
FP
FPY
FPS
FPT
FPC
FPW
FPR
FPZ
FPP
FPV
FPF
FV
FVY
FVS
FVT
FVC
FVW
FVR
FVZ
FVP
FVV
FVF
FF
FFY
FFS
FFT
FFC
FFW
FFR
FFZ
FFP
FFV
FFF

