1 2 A
1 2293 C
1 4020 G
1 5645 T
2 3 A
2 253 C
2 1117 G
2 1487 T
3 4 A
3 165 T
4 5 A
4 84 G
5 6 A
6 7 G
7 8 C
8 9 C
9 10 T
10 11 C
11 12 C
12 13 C
13 14 A
14 15 A
15 16 A
16 17 G
17 18 C
18 19 G
19 20 C
20 21 C
21 22 T
22 23 C
23 24 A
24 25 A
25 26 A
26 27 A
27 28 T
28 29 T
29 30 G
30 31 C
31 32 G
32 33 T
33 34 C
34 35 C
35 36 T
36 37 C
37 38 T
38 39 C
39 40 G
40 41 C
41 42 A
42 43 C
43 44 T
44 45 C
45 46 T
46 47 C
47 48 A
48 49 T
49 50 A
50 51 T
51 52 G
52 53 G
53 54 T
54 55 A
55 56 C
56 57 G
57 58 G
58 59 A
59 60 T
60 61 C
61 62 G
62 63 G
63 64 C
64 65 T
65 66 G
66 67 C
67 68 G
68 69 C
69 70 G
70 71 A
71 72 C
72 73 C
73 74 C
74 75 A
75 76 G
76 77 C
77 78 A
78 79 G
79 80 A
80 81 T
81 82 T
82 83 T
84 85 T
85 86 G
86 87 A
87 88 T
88 89 C
89 90 G
90 91 C
91 92 A
92 93 G
93 94 C
94 95 C
95 96 A
96 97 C
97 98 T
98 99 T
99 100 G
100 101 G
101 102 C
102 103 A
103 104 C
104 105 C
105 106 C
106 107 G
107 108 A
108 109 C
109 110 T
110 111 A
111 112 A
112 113 G
113 114 C
114 115 A
115 116 T
116 117 A
117 118 A
118 119 C
119 120 C
120 121 G
121 122 C
122 123 A
123 124 C
124 125 T
125 126 C
126 127 C
127 128 G
128 129 C
129 130 C
130 131 G
131 132 T
132 133 A
133 134 G
134 135 C
135 136 C
136 137 G
137 138 G
138 139 T
139 140 A
140 141 C
141 142 C
142 143 A
143 144 G
144 145 C
145 146 T
146 147 C
147 148 T
148 149 C
149 150 C
150 151 G
151 152 G
152 153 A
153 154 A
154 155 A
155 156 C
156 157 C
157 158 G
158 159 T
159 160 C
160 161 G
161 162 A
162 163 C
163 164 A
165 166 G
166 167 A
167 168 T
168 169 G
169 170 A
170 171 A
171 172 A
172 173 G
173 174 T
174 175 A
175 176 T
176 177 C
177 178 G
178 179 A
179 180 T
180 181 C
181 182 G
182 183 C
183 184 G
184 185 C
185 186 G
186 187 A
187 188 G
188 189 G
189 190 A
190 191 T
191 192 A
192 193 G
193 194 C
194 195 G
195 196 T
196 197 A
197 198 A
198 199 A
199 200 G
200 201 C
201 202 C
202 203 A
203 204 A
204 205 T
205 206 T
206 207 T
207 208 T
208 209 C
209 210 T
210 211 A
211 212 T
212 213 G
213 214 A
214 215 C
215 216 A
216 217 G
217 218 A
218 219 G
219 220 C
220 221 T
221 222 T
222 223 A
223 224 T
224 225 A
225 226 A
226 227 G
227 228 C
228 229 G
229 230 T
230 231 G
231 232 T
232 233 T
233 234 C
234 235 C
235 236 A
236 237 G
237 238 G
238 239 G
239 240 C
240 241 A
241 242 C
242 243 T
243 244 G
244 245 T
245 246 C
246 247 A
247 248 G
248 249 A
249 250 A
250 251 C
251 252 T
253 254 C
253 509 G
253 767 T
254 255 A
254 351 C
255 256 A
256 257 A
257 258 T
258 259 G
259 260 A
260 261 T
261 262 C
262 263 G
263 264 G
264 265 T
265 266 G
266 267 C
267 268 T
268 269 A
269 270 A
270 271 A
271 272 G
272 273 C
273 274 G
274 275 T
275 276 A
276 277 T
277 278 G
278 279 T
279 280 A
280 281 T
281 282 C
282 283 A
283 284 G
284 285 G
285 286 C
286 287 A
287 288 A
288 289 A
289 290 T
290 291 C
291 292 A
292 293 C
293 294 T
294 295 T
295 296 T
296 297 T
297 298 T
298 299 A
299 300 T
300 301 C
301 302 C
302 303 C
303 304 A
304 305 A
305 306 T
306 307 T
307 308 T
308 309 C
309 310 C
310 311 G
311 312 G
312 313 A
313 314 A
314 315 G
315 316 T
316 317 C
317 318 C
318 319 G
319 320 G
320 321 T
321 322 A
322 323 A
323 324 C
324 325 A
325 326 C
326 327 T
327 328 G
328 329 A
329 330 T
330 331 G
331 332 C
332 333 C
333 334 T
334 335 C
335 336 C
336 337 T
337 338 C
338 339 C
339 340 T
340 341 A
341 342 G
342 343 T
343 344 G
344 345 G
345 346 G
346 347 G
347 348 G
348 349 C
349 350 C
351 352 G
351 430 T
352 353 C
353 354 G
354 355 C
355 356 G
356 357 A
357 358 T
358 359 A
359 360 T
360 361 A
361 362 C
362 363 A
363 364 T
364 365 T
365 366 A
366 367 G
367 368 A
368 369 C
369 370 T
370 371 C
371 372 T
372 373 C
373 374 T
374 375 T
375 376 G
376 377 C
377 378 C
378 379 C
379 380 G
380 381 T
381 382 A
382 383 G
383 384 A
384 385 G
385 386 G
386 387 G
387 388 T
388 389 C
389 390 C
390 391 A
391 392 A
392 393 T
393 394 G
394 395 C
395 396 C
396 397 A
397 398 A
398 399 T
399 400 A
400 401 A
401 402 G
402 403 G
403 404 G
404 405 A
405 406 C
406 407 A
407 408 C
408 409 G
409 410 T
410 411 A
411 412 T
412 413 A
413 414 G
414 415 T
415 416 C
416 417 C
417 418 T
418 419 A
419 420 C
420 421 C
421 422 C
422 423 G
423 424 T
424 425 G
425 426 T
426 427 T
427 428 T
428 429 A
430 431 T
431 432 A
432 433 C
433 434 C
434 435 A
435 436 A
436 437 C
437 438 A
438 439 G
439 440 A
440 441 T
441 442 C
442 443 A
443 444 A
444 445 C
445 446 G
446 447 G
447 448 G
448 449 A
449 450 C
450 451 T
451 452 C
452 453 G
453 454 G
454 455 T
455 456 G
456 457 C
457 458 T
458 459 G
459 460 C
460 461 T
461 462 T
462 463 G
463 464 A
464 465 T
465 466 A
466 467 T
467 468 T
468 469 C
469 470 A
470 471 C
471 472 G
472 473 G
473 474 G
474 475 C
475 476 G
476 477 C
477 478 C
478 479 G
479 480 G
480 481 C
481 482 T
482 483 C
483 484 A
484 485 C
485 486 C
486 487 C
487 488 G
488 489 T
489 490 G
490 491 T
491 492 A
492 493 G
493 494 T
494 495 G
495 496 C
496 497 T
497 498 G
498 499 T
499 500 T
500 501 A
501 502 G
502 503 A
503 504 G
504 505 A
505 506 C
506 507 T
507 508 T
509 510 A
509 674 T
510 511 A
510 591 T
511 512 G
512 513 G
513 514 T
514 515 T
515 516 C
516 517 A
517 518 A
518 519 G
519 520 C
520 521 C
521 522 G
522 523 C
523 524 T
524 525 C
525 526 C
526 527 C
527 528 C
528 529 A
529 530 G
530 531 C
531 532 T
532 533 A
533 534 G
534 535 C
535 536 A
536 537 C
537 538 G
538 539 T
539 540 A
540 541 A
541 542 C
542 543 C
543 544 G
544 545 T
545 546 G
546 547 A
547 548 A
548 549 G
549 550 G
550 551 G
551 552 G
552 553 G
553 554 A
554 555 A
555 556 G
556 557 A
557 558 C
558 559 A
559 560 C
560 561 T
561 562 C
562 563 G
563 564 C
564 565 T
565 566 T
566 567 T
567 568 C
568 569 A
569 570 C
570 571 A
571 572 C
572 573 G
573 574 C
574 575 C
575 576 T
576 577 C
577 578 G
578 579 G
579 580 C
580 581 A
581 582 C
582 583 T
583 584 G
584 585 A
585 586 A
586 587 T
587 588 C
588 589 G
589 590 G
591 592 T
592 593 A
593 594 G
594 595 T
595 596 A
596 597 A
597 598 G
598 599 C
599 600 A
600 601 G
601 602 T
602 603 T
603 604 A
604 605 T
605 606 C
606 607 T
607 608 A
608 609 A
609 610 C
610 611 T
611 612 A
612 613 G
613 614 G
614 615 C
615 616 C
616 617 G
617 618 T
618 619 G
619 620 C
620 621 T
621 622 A
622 623 T
623 624 T
624 625 C
625 626 A
626 627 A
627 628 G
628 629 A
629 630 T
630 631 G
631 632 A
632 633 G
633 634 C
634 635 G
635 636 C
636 637 G
637 638 G
638 639 T
639 640 T
640 641 G
641 642 A
642 643 T
643 644 T
644 645 T
645 646 G
646 647 G
647 648 T
648 649 T
649 650 T
650 651 C
651 652 G
652 653 C
653 654 G
654 655 C
655 656 A
656 657 T
657 658 C
658 659 G
659 660 G
660 661 C
661 662 G
662 663 T
663 664 T
664 665 C
665 666 A
666 667 T
667 668 T
668 669 G
669 670 G
670 671 A
671 672 G
672 673 A
674 675 G
675 676 A
676 677 T
677 678 T
678 679 G
679 680 T
680 681 C
681 682 G
682 683 T
683 684 T
684 685 A
685 686 A
686 687 G
687 688 T
688 689 A
689 690 A
690 691 C
691 692 T
692 693 G
693 694 G
694 695 T
695 696 C
696 697 G
697 698 A
698 699 A
699 700 G
700 701 G
701 702 G
702 703 G
703 704 G
704 705 T
705 706 A
706 707 G
707 708 A
708 709 T
709 710 C
710 711 A
711 712 T
712 713 T
713 714 C
714 715 C
715 716 T
716 717 T
717 718 G
718 719 T
719 720 G
720 721 A
721 722 C
722 723 A
723 724 C
724 725 A
725 726 T
726 727 G
727 728 T
728 729 T
729 730 C
730 731 C
731 732 C
732 733 C
733 734 C
734 735 C
735 736 G
736 737 C
737 738 A
738 739 G
739 740 A
740 741 C
741 742 T
742 743 G
743 744 T
744 745 A
745 746 C
746 747 G
747 748 C
748 749 G
749 750 A
750 751 C
751 752 C
752 753 T
753 754 C
754 755 T
755 756 G
756 757 C
757 758 A
758 759 A
759 760 A
760 761 T
761 762 A
762 763 G
763 764 C
764 765 G
765 766 A
767 768 A
767 853 G
767 1024 T
768 769 T
769 770 C
770 771 A
771 772 T
772 773 C
773 774 G
774 775 C
775 776 T
776 777 C
777 778 T
778 779 C
779 780 T
780 781 C
781 782 T
782 783 A
783 784 A
784 785 T
785 786 A
786 787 G
787 788 G
788 789 T
789 790 C
790 791 T
791 792 C
792 793 A
793 794 A
794 795 G
795 796 G
796 797 C
797 798 G
798 799 T
799 800 C
800 801 G
801 802 C
802 803 G
803 804 C
804 805 C
805 806 G
806 807 C
807 808 G
808 809 G
809 810 G
810 811 G
811 812 T
812 813 A
813 814 T
814 815 T
815 816 A
816 817 C
817 818 T
818 819 C
819 820 G
820 821 G
821 822 T
822 823 G
823 824 C
824 825 A
825 826 G
826 827 A
827 828 G
828 829 C
829 830 T
830 831 C
831 832 G
832 833 T
833 834 T
834 835 C
835 836 G
836 837 T
837 838 G
838 839 C
839 840 A
840 841 A
841 842 G
842 843 A
843 844 G
844 845 A
845 846 G
846 847 A
847 848 A
848 849 G
849 850 G
850 851 G
851 852 G
853 854 A
853 934 G
854 855 C
855 856 A
856 857 C
857 858 A
858 859 C
859 860 A
860 861 T
861 862 C
862 863 G
863 864 A
864 865 G
865 866 C
866 867 A
867 868 G
868 869 A
869 870 T
870 871 T
871 872 G
872 873 A
873 874 G
874 875 A
875 876 G
876 877 A
877 878 C
878 879 T
879 880 G
880 881 T
881 882 C
882 883 T
883 884 T
884 885 C
885 886 C
886 887 T
887 888 G
888 889 G
889 890 A
890 891 T
891 892 A
892 893 T
893 894 C
894 895 A
895 896 A
896 897 C
897 898 A
898 899 T
899 900 G
900 901 G
901 902 G
902 903 G
903 904 C
904 905 T
905 906 C
906 907 C
907 908 G
908 909 A
909 910 G
910 911 C
911 912 T
912 913 G
913 914 A
914 915 T
915 916 T
916 917 C
917 918 T
918 919 C
919 920 C
920 921 G
921 922 A
922 923 G
923 924 A
924 925 C
925 926 T
926 927 T
927 928 T
928 929 T
929 930 G
930 931 C
931 932 G
932 933 G
934 935 T
935 936 T
936 937 G
937 938 G
938 939 C
939 940 A
940 941 A
941 942 T
942 943 G
943 944 T
944 945 C
945 946 C
946 947 G
947 948 C
948 949 G
949 950 C
950 951 G
951 952 C
952 953 T
953 954 G
954 955 T
955 956 T
956 957 C
957 958 G
958 959 T
959 960 C
960 961 A
961 962 C
962 963 A
963 964 C
964 965 A
965 966 A
966 967 A
967 968 G
968 969 T
969 970 C
970 971 A
971 972 C
972 973 G
973 974 T
974 975 G
975 976 C
976 977 A
977 978 G
978 979 G
979 980 A
980 981 T
981 982 G
982 983 T
983 984 A
984 985 T
985 986 A
986 987 C
987 988 A
988 989 T
989 990 G
990 991 T
991 992 C
992 993 A
993 994 C
994 995 A
995 996 A
996 997 T
997 998 T
998 999 T
999 1000 C
1000 1001 T
1001 1002 A
1002 1003 G
1003 1004 G
1004 1005 G
1005 1006 T
1006 1007 A
1007 1008 A
1008 1009 T
1009 1010 T
1010 1011 A
1011 1012 A
1012 1013 A
1013 1014 T
1014 1015 A
1015 1016 G
1016 1017 T
1017 1018 T
1018 1019 T
1019 1020 A
1020 1021 G
1021 1022 T
1022 1023 T
1024 1025 C
1025 1026 C
1026 1027 C
1027 1028 A
1028 1029 G
1029 1030 G
1030 1031 G
1031 1032 G
1032 1033 G
1033 1034 C
1034 1035 T
1035 1036 A
1036 1037 C
1037 1038 A
1038 1039 A
1039 1040 C
1040 1041 C
1041 1042 A
1042 1043 A
1043 1044 A
1044 1045 G
1045 1046 A
1046 1047 T
1047 1048 T
1048 1049 A
1049 1050 T
1050 1051 A
1051 1052 T
1052 1053 C
1053 1054 A
1054 1055 G
1055 1056 C
1056 1057 A
1057 1058 G
1058 1059 A
1059 1060 C
1060 1061 T
1061 1062 A
1062 1063 T
1063 1064 T
1064 1065 G
1065 1066 T
1066 1067 A
1067 1068 T
1068 1069 T
1069 1070 G
1070 1071 G
1071 1072 T
1072 1073 A
1073 1074 T
1074 1075 T
1075 1076 T
1076 1077 C
1077 1078 A
1078 1079 T
1079 1080 G
1080 1081 G
1081 1082 T
1082 1083 A
1083 1084 C
1084 1085 G
1085 1086 A
1086 1087 T
1087 1088 G
1088 1089 T
1089 1090 G
1090 1091 A
1091 1092 C
1092 1093 C
1093 1094 C
1094 1095 A
1095 1096 G
1096 1097 G
1097 1098 T
1098 1099 C
1099 1100 G
1100 1101 T
1101 1102 A
1102 1103 A
1103 1104 C
1104 1105 C
1105 1106 T
1106 1107 A
1107 1108 C
1108 1109 T
1109 1110 T
1110 1111 C
1111 1112 G
1112 1113 A
1113 1114 C
1114 1115 A
1115 1116 C
1117 1118 A
1117 1210 C
1117 1294 T
1118 1119 G
1119 1120 G
1120 1121 G
1121 1122 C
1122 1123 G
1123 1124 A
1124 1125 C
1125 1126 T
1126 1127 A
1127 1128 C
1128 1129 A
1129 1130 C
1130 1131 T
1131 1132 T
1132 1133 T
1133 1134 T
1134 1135 T
1135 1136 G
1136 1137 T
1137 1138 C
1138 1139 C
1139 1140 G
1140 1141 A
1141 1142 A
1142 1143 C
1143 1144 T
1144 1145 G
1145 1146 G
1146 1147 T
1147 1148 G
1148 1149 T
1149 1150 A
1150 1151 T
1151 1152 C
1152 1153 A
1153 1154 A
1154 1155 G
1155 1156 A
1156 1157 A
1157 1158 A
1158 1159 T
1159 1160 A
1160 1161 G
1161 1162 T
1162 1163 G
1163 1164 C
1164 1165 G
1165 1166 A
1166 1167 G
1167 1168 A
1168 1169 C
1169 1170 C
1170 1171 T
1171 1172 G
1172 1173 T
1173 1174 A
1174 1175 A
1175 1176 T
1176 1177 C
1177 1178 T
1178 1179 G
1179 1180 C
1180 1181 G
1181 1182 G
1182 1183 A
1183 1184 A
1184 1185 C
1185 1186 G
1186 1187 G
1187 1188 A
1188 1189 A
1189 1190 T
1190 1191 G
1191 1192 T
1192 1193 C
1193 1194 A
1194 1195 C
1195 1196 G
1196 1197 T
1197 1198 G
1198 1199 C
1199 1200 G
1200 1201 A
1201 1202 C
1202 1203 C
1203 1204 C
1204 1205 G
1205 1206 C
1206 1207 A
1207 1208 T
1208 1209 G
1210 1211 G
1211 1212 C
1212 1213 C
1213 1214 T
1214 1215 T
1215 1216 C
1216 1217 T
1217 1218 T
1218 1219 A
1219 1220 C
1220 1221 A
1221 1222 T
1222 1223 A
1223 1224 C
1224 1225 C
1225 1226 G
1226 1227 G
1227 1228 T
1228 1229 G
1229 1230 G
1230 1231 C
1231 1232 C
1232 1233 T
1233 1234 G
1234 1235 A
1235 1236 T
1236 1237 G
1237 1238 C
1238 1239 G
1239 1240 C
1240 1241 A
1241 1242 G
1242 1243 C
1243 1244 A
1244 1245 G
1245 1246 A
1246 1247 C
1247 1248 T
1248 1249 T
1249 1250 T
1250 1251 A
1251 1252 G
1252 1253 T
1253 1254 A
1254 1255 A
1255 1256 T
1256 1257 T
1257 1258 A
1258 1259 T
1259 1260 G
1260 1261 T
1261 1262 A
1262 1263 T
1263 1264 A
1264 1265 T
1265 1266 C
1266 1267 T
1267 1268 G
1268 1269 A
1269 1270 G
1270 1271 C
1271 1272 A
1272 1273 G
1273 1274 G
1274 1275 A
1275 1276 T
1276 1277 T
1277 1278 T
1278 1279 G
1279 1280 G
1280 1281 G
1281 1282 C
1282 1283 G
1283 1284 T
1284 1285 C
1285 1286 G
1286 1287 T
1287 1288 A
1288 1289 T
1289 1290 C
1290 1291 G
1291 1292 G
1292 1293 A
1294 1295 C
1294 1392 G
1295 1296 G
1296 1297 C
1297 1298 A
1298 1299 G
1299 1300 C
1300 1301 T
1301 1302 T
1302 1303 T
1303 1304 G
1304 1305 C
1305 1306 A
1306 1307 G
1307 1308 T
1308 1309 A
1309 1310 A
1310 1311 G
1311 1312 G
1312 1313 T
1313 1314 A
1314 1315 C
1315 1316 C
1316 1317 C
1317 1318 G
1318 1319 C
1319 1320 G
1320 1321 T
1321 1322 G
1322 1323 G
1323 1324 C
1324 1325 G
1325 1326 G
1326 1327 C
1327 1328 T
1328 1329 C
1329 1330 T
1330 1331 G
1331 1332 G
1332 1333 T
1333 1334 G
1334 1335 C
1335 1336 A
1336 1337 G
1337 1338 G
1338 1339 T
1339 1340 G
1340 1341 G
1341 1342 C
1342 1343 G
1343 1344 C
1344 1345 T
1345 1346 A
1346 1347 G
1347 1348 G
1348 1349 A
1349 1350 T
1350 1351 C
1351 1352 A
1352 1353 C
1353 1354 T
1354 1355 T
1355 1356 C
1356 1357 C
1357 1358 A
1358 1359 G
1359 1360 A
1360 1361 T
1361 1362 A
1362 1363 G
1363 1364 C
1364 1365 T
1365 1366 C
1366 1367 T
1367 1368 G
1368 1369 C
1369 1370 A
1370 1371 G
1371 1372 C
1372 1373 T
1373 1374 G
1374 1375 T
1375 1376 T
1376 1377 T
1377 1378 A
1378 1379 T
1379 1380 T
1380 1381 C
1381 1382 T
1382 1383 G
1383 1384 G
1384 1385 A
1385 1386 T
1386 1387 G
1387 1388 T
1388 1389 T
1389 1390 C
1390 1391 T
1392 1393 G
1393 1394 C
1394 1395 T
1395 1396 G
1396 1397 C
1397 1398 C
1398 1399 A
1399 1400 T
1400 1401 G
1401 1402 G
1402 1403 C
1403 1404 G
1404 1405 T
1405 1406 T
1406 1407 C
1407 1408 T
1408 1409 G
1409 1410 C
1410 1411 T
1411 1412 C
1412 1413 T
1413 1414 G
1414 1415 A
1415 1416 G
1416 1417 G
1417 1418 A
1418 1419 T
1419 1420 G
1420 1421 A
1421 1422 C
1422 1423 A
1423 1424 T
1424 1425 T
1425 1426 G
1426 1427 T
1427 1428 T
1428 1429 C
1429 1430 C
1430 1431 G
1431 1432 A
1432 1433 C
1433 1434 A
1434 1435 T
1435 1436 G
1436 1437 A
1437 1438 G
1438 1439 T
1439 1440 G
1440 1441 A
1441 1442 A
1442 1443 A
1443 1444 A
1444 1445 G
1445 1446 C
1446 1447 T
1447 1448 G
1448 1449 A
1449 1450 C
1450 1451 T
1451 1452 A
1452 1453 C
1453 1454 T
1454 1455 G
1455 1456 G
1456 1457 C
1457 1458 T
1458 1459 A
1459 1460 T
1460 1461 C
1461 1462 A
1462 1463 G
1463 1464 C
1464 1465 T
1465 1466 A
1466 1467 A
1467 1468 G
1468 1469 G
1469 1470 C
1470 1471 A
1471 1472 T
1472 1473 A
1473 1474 C
1474 1475 A
1475 1476 A
1476 1477 G
1477 1478 T
1478 1479 C
1479 1480 T
1480 1481 A
1481 1482 A
1482 1483 C
1483 1484 A
1484 1485 A
1485 1486 T
1487 1488 A
1487 1567 C
1487 1754 G
1487 2116 T
1488 1489 A
1489 1490 T
1490 1491 A
1491 1492 T
1492 1493 C
1493 1494 T
1494 1495 A
1495 1496 T
1496 1497 T
1497 1498 C
1498 1499 G
1499 1500 T
1500 1501 G
1501 1502 T
1502 1503 A
1503 1504 C
1504 1505 G
1505 1506 A
1506 1507 C
1507 1508 C
1508 1509 A
1509 1510 G
1510 1511 G
1511 1512 T
1512 1513 C
1513 1514 A
1514 1515 T
1515 1516 A
1516 1517 C
1517 1518 C
1518 1519 C
1519 1520 T
1520 1521 T
1521 1522 G
1522 1523 C
1523 1524 C
1524 1525 G
1525 1526 C
1526 1527 G
1527 1528 C
1528 1529 T
1529 1530 C
1530 1531 A
1531 1532 C
1532 1533 G
1533 1534 T
1534 1535 C
1535 1536 G
1536 1537 A
1537 1538 G
1538 1539 G
1539 1540 A
1540 1541 T
1541 1542 G
1542 1543 T
1543 1544 T
1544 1545 G
1545 1546 A
1546 1547 C
1547 1548 C
1548 1549 A
1549 1550 G
1550 1551 G
1551 1552 T
1552 1553 C
1553 1554 G
1554 1555 A
1555 1556 A
1556 1557 G
1557 1558 A
1558 1559 T
1559 1560 T
1560 1561 C
1561 1562 A
1562 1563 A
1563 1564 G
1564 1565 A
1565 1566 T
1567 1568 A
1567 1661 C
1568 1569 C
1569 1570 A
1570 1571 A
1571 1572 T
1572 1573 T
1573 1574 G
1574 1575 G
1575 1576 A
1576 1577 C
1577 1578 C
1578 1579 A
1579 1580 C
1580 1581 T
1581 1582 C
1582 1583 A
1583 1584 G
1584 1585 T
1585 1586 T
1586 1587 G
1587 1588 T
1588 1589 G
1589 1590 A
1590 1591 T
1591 1592 G
1592 1593 A
1593 1594 T
1594 1595 A
1595 1596 T
1596 1597 G
1597 1598 T
1598 1599 C
1599 1600 T
1600 1601 A
1601 1602 G
1602 1603 A
1603 1604 C
1604 1605 T
1605 1606 T
1606 1607 A
1607 1608 G
1608 1609 A
1609 1610 C
1610 1611 C
1611 1612 C
1612 1613 G
1613 1614 A
1614 1615 T
1615 1616 A
1616 1617 T
1617 1618 C
1618 1619 C
1619 1620 G
1620 1621 A
1621 1622 A
1622 1623 G
1623 1624 A
1624 1625 C
1625 1626 A
1626 1627 T
1627 1628 C
1628 1629 G
1629 1630 G
1630 1631 T
1631 1632 A
1632 1633 C
1633 1634 G
1634 1635 C
1635 1636 A
1636 1637 T
1637 1638 T
1638 1639 T
1639 1640 C
1640 1641 T
1641 1642 C
1642 1643 G
1643 1644 T
1644 1645 C
1645 1646 T
1646 1647 T
1647 1648 T
1648 1649 C
1649 1650 T
1650 1651 A
1651 1652 G
1652 1653 G
1653 1654 G
1654 1655 C
1655 1656 T
1656 1657 A
1657 1658 A
1658 1659 T
1659 1660 C
1661 1662 T
1662 1663 G
1663 1664 C
1664 1665 G
1665 1666 G
1666 1667 A
1667 1668 A
1668 1669 T
1669 1670 C
1670 1671 C
1671 1672 A
1672 1673 T
1673 1674 G
1674 1675 G
1675 1676 T
1676 1677 A
1677 1678 C
1678 1679 T
1679 1680 G
1680 1681 C
1681 1682 G
1682 1683 A
1683 1684 A
1684 1685 A
1685 1686 T
1686 1687 A
1687 1688 G
1688 1689 G
1689 1690 C
1690 1691 A
1691 1692 G
1692 1693 A
1693 1694 A
1694 1695 T
1695 1696 C
1696 1697 G
1697 1698 C
1698 1699 C
1699 1700 T
1700 1701 A
1701 1702 A
1702 1703 T
1703 1704 T
1704 1705 A
1705 1706 C
1706 1707 G
1707 1708 A
1708 1709 G
1709 1710 T
1710 1711 G
1711 1712 C
1712 1713 A
1713 1714 C
1714 1715 A
1715 1716 A
1716 1717 C
1717 1718 T
1718 1719 A
1719 1720 A
1720 1721 T
1721 1722 A
1722 1723 C
1723 1724 T
1724 1725 T
1725 1726 C
1726 1727 C
1727 1728 T
1728 1729 G
1729 1730 C
1730 1731 C
1731 1732 A
1732 1733 A
1733 1734 C
1734 1735 A
1735 1736 T
1736 1737 T
1737 1738 A
1738 1739 T
1739 1740 C
1740 1741 G
1741 1742 T
1742 1743 G
1743 1744 G
1744 1745 C
1745 1746 C
1746 1747 T
1747 1748 T
1748 1749 C
1749 1750 G
1750 1751 A
1751 1752 T
1752 1753 C
1754 1755 A
1754 2026 G
1755 1756 A
1755 1842 C
1755 1932 G
1756 1757 A
1757 1758 T
1758 1759 C
1759 1760 C
1760 1761 A
1761 1762 T
1762 1763 A
1763 1764 T
1764 1765 T
1765 1766 T
1766 1767 A
1767 1768 G
1768 1769 A
1769 1770 A
1770 1771 T
1771 1772 C
1772 1773 A
1773 1774 A
1774 1775 T
1775 1776 A
1776 1777 C
1777 1778 C
1778 1779 C
1779 1780 C
1780 1781 C
1781 1782 G
1782 1783 T
1783 1784 T
1784 1785 T
1785 1786 A
1786 1787 A
1787 1788 C
1788 1789 T
1789 1790 T
1790 1791 A
1791 1792 T
1792 1793 G
1793 1794 C
1794 1795 A
1795 1796 G
1796 1797 G
1797 1798 A
1798 1799 A
1799 1800 T
1800 1801 C
1801 1802 T
1802 1803 T
1803 1804 C
1804 1805 C
1805 1806 A
1806 1807 G
1807 1808 C
1808 1809 C
1809 1810 C
1810 1811 C
1811 1812 C
1812 1813 T
1813 1814 T
1814 1815 T
1815 1816 G
1816 1817 G
1817 1818 A
1818 1819 G
1819 1820 T
1820 1821 G
1821 1822 G
1822 1823 C
1823 1824 G
1824 1825 A
1825 1826 G
1826 1827 T
1827 1828 G
1828 1829 C
1829 1830 A
1830 1831 G
1831 1832 A
1832 1833 C
1833 1834 C
1834 1835 A
1835 1836 C
1836 1837 A
1837 1838 G
1838 1839 G
1839 1840 A
1840 1841 A
1842 1843 T
1843 1844 T
1844 1845 T
1845 1846 T
1846 1847 A
1847 1848 G
1848 1849 G
1849 1850 G
1850 1851 G
1851 1852 G
1852 1853 G
1853 1854 G
1854 1855 T
1855 1856 C
1856 1857 G
1857 1858 C
1858 1859 C
1859 1860 G
1860 1861 C
1861 1862 C
1862 1863 C
1863 1864 G
1864 1865 T
1865 1866 A
1866 1867 A
1867 1868 A
1868 1869 A
1869 1870 T
1870 1871 T
1871 1872 T
1872 1873 T
1873 1874 A
1874 1875 C
1875 1876 G
1876 1877 C
1877 1878 C
1878 1879 C
1879 1880 C
1880 1881 A
1881 1882 T
1882 1883 A
1883 1884 C
1884 1885 A
1885 1886 C
1886 1887 G
1887 1888 T
1888 1889 A
1889 1890 A
1890 1891 T
1891 1892 T
1892 1893 G
1893 1894 A
1894 1895 C
1895 1896 G
1896 1897 G
1897 1898 G
1898 1899 T
1899 1900 G
1900 1901 G
1901 1902 T
1902 1903 G
1903 1904 T
1904 1905 T
1905 1906 C
1906 1907 C
1907 1908 A
1908 1909 G
1909 1910 A
1910 1911 A
1911 1912 C
1912 1913 A
1913 1914 G
1914 1915 A
1915 1916 G
1916 1917 T
1917 1918 T
1918 1919 G
1919 1920 G
1920 1921 C
1921 1922 T
1922 1923 T
1923 1924 G
1924 1925 G
1925 1926 C
1926 1927 T
1927 1928 T
1928 1929 G
1929 1930 C
1930 1931 G
1932 1933 C
1933 1934 G
1934 1935 A
1935 1936 A
1936 1937 C
1937 1938 G
1938 1939 C
1939 1940 A
1940 1941 C
1941 1942 C
1942 1943 T
1943 1944 T
1944 1945 A
1945 1946 A
1946 1947 T
1947 1948 G
1948 1949 G
1949 1950 T
1950 1951 A
1951 1952 T
1952 1953 C
1953 1954 G
1954 1955 C
1955 1956 A
1956 1957 G
1957 1958 C
1958 1959 T
1959 1960 T
1960 1961 C
1961 1962 A
1962 1963 T
1963 1964 A
1964 1965 C
1965 1966 T
1966 1967 C
1967 1968 A
1968 1969 T
1969 1970 C
1970 1971 G
1971 1972 G
1972 1973 A
1973 1974 T
1974 1975 T
1975 1976 C
1976 1977 C
1977 1978 T
1978 1979 G
1979 1980 A
1980 1981 G
1981 1982 C
1982 1983 G
1983 1984 A
1984 1985 G
1985 1986 A
1986 1987 G
1987 1988 T
1988 1989 T
1989 1990 G
1990 1991 A
1991 1992 A
1992 1993 A
1993 1994 G
1994 1995 T
1995 1996 T
1996 1997 C
1997 1998 C
1998 1999 T
1999 2000 G
2000 2001 G
2001 2002 A
2002 2003 G
2003 2004 C
2004 2005 A
2005 2006 A
2006 2007 G
2007 2008 T
2008 2009 C
2009 2010 G
2010 2011 A
2011 2012 G
2012 2013 A
2013 2014 C
2014 2015 A
2015 2016 T
2016 2017 T
2017 2018 G
2018 2019 T
2019 2020 G
2020 2021 G
2021 2022 C
2022 2023 C
2023 2024 G
2024 2025 A
2026 2027 A
2027 2028 A
2028 2029 C
2029 2030 G
2030 2031 G
2031 2032 A
2032 2033 T
2033 2034 G
2034 2035 A
2035 2036 C
2036 2037 T
2037 2038 A
2038 2039 T
2039 2040 G
2040 2041 T
2041 2042 C
2042 2043 T
2043 2044 A
2044 2045 A
2045 2046 A
2046 2047 A
2047 2048 C
2048 2049 A
2049 2050 T
2050 2051 A
2051 2052 G
2052 2053 T
2053 2054 A
2054 2055 T
2055 2056 T
2056 2057 A
2057 2058 A
2058 2059 G
2059 2060 C
2060 2061 G
2061 2062 T
2062 2063 T
2063 2064 A
2064 2065 G
2065 2066 C
2066 2067 A
2067 2068 C
2068 2069 A
2069 2070 C
2070 2071 G
2071 2072 G
2072 2073 G
2073 2074 T
2074 2075 T
2075 2076 A
2076 2077 A
2077 2078 G
2078 2079 T
2079 2080 T
2080 2081 C
2081 2082 A
2082 2083 C
2083 2084 C
2084 2085 G
2085 2086 C
2086 2087 A
2087 2088 T
2088 2089 A
2089 2090 A
2090 2091 A
2091 2092 T
2092 2093 A
2093 2094 A
2094 2095 G
2095 2096 C
2096 2097 T
2097 2098 A
2098 2099 A
2099 2100 A
2100 2101 T
2101 2102 A
2102 2103 G
2103 2104 C
2104 2105 T
2105 2106 G
2106 2107 C
2107 2108 T
2108 2109 G
2109 2110 T
2110 2111 C
2111 2112 C
2112 2113 C
2113 2114 A
2114 2115 A
2116 2117 A
2116 2205 T
2117 2118 A
2118 2119 T
2119 2120 G
2120 2121 A
2121 2122 T
2122 2123 C
2123 2124 G
2124 2125 T
2125 2126 T
2126 2127 A
2127 2128 C
2128 2129 C
2129 2130 A
2130 2131 T
2131 2132 C
2132 2133 A
2133 2134 C
2134 2135 A
2135 2136 A
2136 2137 C
2137 2138 T
2138 2139 A
2139 2140 C
2140 2141 G
2141 2142 G
2142 2143 T
2143 2144 A
2144 2145 A
2145 2146 C
2146 2147 G
2147 2148 C
2148 2149 G
2149 2150 A
2150 2151 A
2151 2152 A
2152 2153 A
2153 2154 T
2154 2155 G
2155 2156 G
2156 2157 A
2157 2158 C
2158 2159 C
2159 2160 A
2160 2161 G
2161 2162 C
2162 2163 C
2163 2164 C
2164 2165 G
2165 2166 A
2166 2167 T
2167 2168 C
2168 2169 C
2169 2170 G
2170 2171 G
2171 2172 C
2172 2173 C
2173 2174 T
2174 2175 C
2175 2176 T
2176 2177 T
2177 2178 T
2178 2179 A
2179 2180 C
2180 2181 A
2181 2182 A
2182 2183 G
2183 2184 A
2184 2185 C
2185 2186 G
2186 2187 G
2187 2188 T
2188 2189 A
2189 2190 C
2190 2191 G
2191 2192 T
2192 2193 C
2193 2194 A
2194 2195 T
2195 2196 A
2196 2197 G
2197 2198 T
2198 2199 G
2199 2200 A
2200 2201 A
2201 2202 G
2202 2203 A
2203 2204 G
2205 2206 G
2206 2207 A
2207 2208 C
2208 2209 C
2209 2210 C
2210 2211 A
2211 2212 T
2212 2213 C
2213 2214 A
2214 2215 C
2215 2216 G
2216 2217 G
2217 2218 C
2218 2219 G
2219 2220 T
2220 2221 C
2221 2222 A
2222 2223 T
2223 2224 C
2224 2225 C
2225 2226 A
2226 2227 C
2227 2228 T
2228 2229 A
2229 2230 T
2230 2231 T
2231 2232 A
2232 2233 T
2233 2234 A
2234 2235 T
2235 2236 C
2236 2237 T
2237 2238 A
2238 2239 C
2239 2240 G
2240 2241 G
2241 2242 T
2242 2243 A
2243 2244 T
2244 2245 C
2245 2246 G
2246 2247 T
2247 2248 G
2248 2249 A
2249 2250 T
2250 2251 A
2251 2252 G
2252 2253 G
2253 2254 A
2254 2255 G
2255 2256 G
2256 2257 A
2257 2258 A
2258 2259 C
2259 2260 C
2260 2261 C
2261 2262 G
2262 2263 A
2263 2264 T
2264 2265 A
2265 2266 G
2266 2267 A
2267 2268 A
2268 2269 T
2269 2270 G
2270 2271 A
2271 2272 G
2272 2273 T
2273 2274 T
2274 2275 A
2275 2276 G
2276 2277 C
2277 2278 G
2278 2279 G
2279 2280 A
2280 2281 T
2281 2282 A
2282 2283 T
2283 2284 G
2284 2285 C
2285 2286 G
2286 2287 T
2287 2288 G
2288 2289 A
2289 2290 T
2290 2291 A
2291 2292 A
2293 2294 A
2293 2819 C
2293 3421 G
2293 3685 T
2294 2295 A
2294 2553 G
2294 2646 T
2295 2296 T
2296 2297 A
2296 2464 C
2297 2298 G
2297 2381 T
2298 2299 T
2299 2300 G
2300 2301 A
2301 2302 A
2302 2303 A
2303 2304 C
2304 2305 C
2305 2306 G
2306 2307 A
2307 2308 C
2308 2309 G
2309 2310 G
2310 2311 C
2311 2312 G
2312 2313 G
2313 2314 T
2314 2315 A
2315 2316 T
2316 2317 A
2317 2318 A
2318 2319 G
2319 2320 T
2320 2321 G
2321 2322 C
2322 2323 C
2323 2324 A
2324 2325 G
2325 2326 G
2326 2327 G
2327 2328 T
2328 2329 G
2329 2330 C
2330 2331 A
2331 2332 A
2332 2333 T
2333 2334 C
2334 2335 G
2335 2336 C
2336 2337 T
2337 2338 A
2338 2339 T
2339 2340 C
2340 2341 A
2341 2342 T
2342 2343 G
2343 2344 C
2344 2345 A
2345 2346 C
2346 2347 A
2347 2348 T
2348 2349 A
2349 2350 T
2350 2351 C
2351 2352 A
2352 2353 T
2353 2354 T
2354 2355 G
2355 2356 G
2356 2357 C
2357 2358 A
2358 2359 A
2359 2360 G
2360 2361 T
2361 2362 C
2362 2363 G
2363 2364 C
2364 2365 A
2365 2366 T
2366 2367 G
2367 2368 C
2368 2369 G
2369 2370 A
2370 2371 T
2371 2372 A
2372 2373 G
2373 2374 G
2374 2375 C
2375 2376 T
2376 2377 A
2377 2378 G
2378 2379 A
2379 2380 T
2381 2382 A
2382 2383 C
2383 2384 T
2384 2385 G
2385 2386 C
2386 2387 C
2387 2388 A
2388 2389 G
2389 2390 T
2390 2391 C
2391 2392 A
2392 2393 A
2393 2394 G
2394 2395 C
2395 2396 G
2396 2397 T
2397 2398 A
2398 2399 A
2399 2400 T
2400 2401 G
2401 2402 C
2402 2403 T
2403 2404 T
2404 2405 T
2405 2406 A
2406 2407 T
2407 2408 A
2408 2409 A
2409 2410 A
2410 2411 A
2411 2412 T
2412 2413 C
2413 2414 C
2414 2415 A
2415 2416 A
2416 2417 G
2417 2418 C
2418 2419 G
2419 2420 G
2420 2421 G
2421 2422 G
2422 2423 G
2423 2424 T
2424 2425 T
2425 2426 A
2426 2427 T
2427 2428 C
2428 2429 A
2429 2430 T
2430 2431 A
2431 2432 A
2432 2433 C
2433 2434 A
2434 2435 G
2435 2436 T
2436 2437 A
2437 2438 C
2438 2439 G
2439 2440 G
2440 2441 G
2441 2442 T
2442 2443 A
2443 2444 A
2444 2445 A
2445 2446 T
2446 2447 C
2447 2448 C
2448 2449 C
2449 2450 T
2450 2451 C
2451 2452 C
2452 2453 C
2453 2454 G
2454 2455 T
2455 2456 T
2456 2457 T
2457 2458 T
2458 2459 T
2459 2460 C
2460 2461 T
2461 2462 T
2462 2463 T
2464 2465 G
2465 2466 T
2466 2467 G
2467 2468 G
2468 2469 G
2469 2470 G
2470 2471 C
2471 2472 G
2472 2473 C
2473 2474 G
2474 2475 A
2475 2476 G
2476 2477 A
2477 2478 G
2478 2479 C
2479 2480 A
2480 2481 A
2481 2482 C
2482 2483 C
2483 2484 T
2484 2485 T
2485 2486 C
2486 2487 C
2487 2488 G
2488 2489 A
2489 2490 C
2490 2491 C
2491 2492 G
2492 2493 A
2493 2494 T
2494 2495 T
2495 2496 C
2496 2497 A
2497 2498 C
2498 2499 G
2499 2500 A
2500 2501 T
2501 2502 G
2502 2503 G
2503 2504 T
2504 2505 G
2505 2506 A
2506 2507 T
2507 2508 T
2508 2509 A
2509 2510 A
2510 2511 C
2511 2512 C
2512 2513 A
2513 2514 C
2514 2515 C
2515 2516 A
2516 2517 T
2517 2518 T
2518 2519 G
2519 2520 G
2520 2521 T
2521 2522 C
2522 2523 G
2523 2524 T
2524 2525 A
2525 2526 T
2526 2527 C
2527 2528 T
2528 2529 A
2529 2530 C
2530 2531 T
2531 2532 G
2532 2533 T
2533 2534 A
2534 2535 T
2535 2536 A
2536 2537 T
2537 2538 T
2538 2539 T
2539 2540 G
2540 2541 C
2541 2542 G
2542 2543 T
2543 2544 T
2544 2545 T
2545 2546 G
2546 2547 G
2547 2548 A
2548 2549 T
2549 2550 C
2550 2551 T
2551 2552 C
2553 2554 A
2554 2555 T
2555 2556 A
2556 2557 A
2557 2558 A
2558 2559 C
2559 2560 T
2560 2561 A
2561 2562 G
2562 2563 A
2563 2564 T
2564 2565 G
2565 2566 T
2566 2567 G
2567 2568 C
2568 2569 T
2569 2570 T
2570 2571 A
2571 2572 T
2572 2573 T
2573 2574 C
2574 2575 A
2575 2576 A
2576 2577 C
2577 2578 G
2578 2579 A
2579 2580 G
2580 2581 C
2581 2582 T
2582 2583 T
2583 2584 C
2584 2585 C
2585 2586 C
2586 2587 G
2587 2588 G
2588 2589 A
2589 2590 T
2590 2591 A
2591 2592 A
2592 2593 C
2593 2594 A
2594 2595 A
2595 2596 C
2596 2597 G
2597 2598 T
2598 2599 C
2599 2600 C
2600 2601 A
2601 2602 A
2602 2603 G
2603 2604 T
2604 2605 C
2605 2606 A
2606 2607 A
2607 2608 T
2608 2609 A
2609 2610 G
2610 2611 T
2611 2612 C
2612 2613 T
2613 2614 C
2614 2615 G
2615 2616 A
2616 2617 T
2617 2618 A
2618 2619 T
2619 2620 T
2620 2621 G
2621 2622 C
2622 2623 C
2623 2624 C
2624 2625 T
2625 2626 A
2626 2627 G
2627 2628 C
2628 2629 T
2629 2630 A
2630 2631 C
2631 2632 G
2632 2633 C
2633 2634 G
2634 2635 T
2635 2636 G
2636 2637 C
2637 2638 G
2638 2639 G
2639 2640 G
2640 2641 A
2641 2642 C
2642 2643 T
2643 2644 C
2644 2645 T
2646 2647 G
2646 2735 T
2647 2648 G
2648 2649 G
2649 2650 T
2650 2651 G
2651 2652 A
2652 2653 C
2653 2654 G
2654 2655 A
2655 2656 A
2656 2657 C
2657 2658 A
2658 2659 C
2659 2660 A
2660 2661 T
2661 2662 C
2662 2663 T
2663 2664 C
2664 2665 C
2665 2666 G
2666 2667 A
2667 2668 C
2668 2669 A
2669 2670 A
2670 2671 G
2671 2672 T
2672 2673 A
2673 2674 T
2674 2675 G
2675 2676 A
2676 2677 C
2677 2678 G
2678 2679 T
2679 2680 T
2680 2681 G
2681 2682 G
2682 2683 T
2683 2684 A
2684 2685 T
2685 2686 G
2686 2687 G
2687 2688 A
2688 2689 A
2689 2690 A
2690 2691 T
2691 2692 A
2692 2693 A
2693 2694 G
2694 2695 C
2695 2696 G
2696 2697 A
2697 2698 G
2698 2699 T
2699 2700 T
2700 2701 G
2701 2702 C
2702 2703 G
2703 2704 G
2704 2705 C
2705 2706 T
2706 2707 T
2707 2708 A
2708 2709 C
2709 2710 A
2710 2711 G
2711 2712 T
2712 2713 A
2713 2714 T
2714 2715 G
2715 2716 C
2716 2717 A
2717 2718 G
2718 2719 A
2719 2720 A
2720 2721 A
2721 2722 C
2722 2723 T
2723 2724 G
2724 2725 C
2725 2726 T
2726 2727 G
2727 2728 T
2728 2729 G
2729 2730 T
2730 2731 A
2731 2732 G
2732 2733 T
2733 2734 G
2735 2736 T
2736 2737 C
2737 2738 C
2738 2739 T
2739 2740 G
2740 2741 A
2741 2742 G
2742 2743 G
2743 2744 G
2744 2745 G
2745 2746 A
2746 2747 G
2747 2748 T
2748 2749 T
2749 2750 A
2750 2751 A
2751 2752 C
2752 2753 A
2753 2754 C
2754 2755 A
2755 2756 G
2756 2757 G
2757 2758 C
2758 2759 A
2759 2760 C
2760 2761 A
2761 2762 C
2762 2763 T
2763 2764 G
2764 2765 T
2765 2766 A
2766 2767 T
2767 2768 C
2768 2769 T
2769 2770 C
2770 2771 A
2771 2772 A
2772 2773 T
2773 2774 C
2774 2775 A
2775 2776 T
2776 2777 T
2777 2778 C
2778 2779 T
2779 2780 G
2780 2781 G
2781 2782 T
2782 2783 G
2783 2784 A
2784 2785 G
2785 2786 A
2786 2787 A
2787 2788 G
2788 2789 T
2789 2790 T
2790 2791 C
2791 2792 T
2792 2793 A
2793 2794 G
2794 2795 C
2795 2796 T
2796 2797 G
2797 2798 T
2798 2799 C
2799 2800 A
2800 2801 A
2801 2802 A
2802 2803 T
2803 2804 G
2804 2805 G
2805 2806 A
2806 2807 T
2807 2808 A
2808 2809 G
2809 2810 C
2810 2811 A
2811 2812 C
2812 2813 A
2813 2814 G
2814 2815 G
2815 2816 A
2816 2817 T
2817 2818 A
2819 2820 C
2819 2989 G
2819 3340 T
2820 2821 C
2821 2822 G
2821 2903 T
2822 2823 G
2823 2824 G
2824 2825 C
2825 2826 A
2826 2827 G
2827 2828 C
2828 2829 C
2829 2830 G
2830 2831 T
2831 2832 T
2832 2833 C
2833 2834 G
2834 2835 C
2835 2836 G
2836 2837 C
2837 2838 C
2838 2839 A
2839 2840 C
2840 2841 G
2841 2842 A
2842 2843 T
2843 2844 G
2844 2845 T
2845 2846 G
2846 2847 C
2847 2848 T
2848 2849 C
2849 2850 C
2850 2851 T
2851 2852 T
2852 2853 A
2853 2854 G
2854 2855 A
2855 2856 C
2856 2857 A
2857 2858 G
2858 2859 A
2859 2860 G
2860 2861 A
2861 2862 G
2862 2863 T
2863 2864 C
2864 2865 C
2865 2866 T
2866 2867 T
2867 2868 C
2868 2869 C
2869 2870 T
2870 2871 G
2871 2872 C
2872 2873 T
2873 2874 C
2874 2875 A
2875 2876 T
2876 2877 A
2877 2878 A
2878 2879 G
2879 2880 A
2880 2881 G
2881 2882 T
2882 2883 T
2883 2884 A
2884 2885 G
2885 2886 G
2886 2887 C
2887 2888 A
2888 2889 T
2889 2890 G
2890 2891 G
2891 2892 G
2892 2893 G
2893 2894 T
2894 2895 C
2895 2896 C
2896 2897 A
2897 2898 T
2898 2899 C
2899 2900 G
2900 2901 C
2901 2902 T
2903 2904 C
2904 2905 A
2905 2906 C
2906 2907 T
2907 2908 C
2908 2909 G
2909 2910 T
2910 2911 G
2911 2912 C
2912 2913 C
2913 2914 A
2914 2915 G
2915 2916 A
2916 2917 G
2917 2918 G
2918 2919 T
2919 2920 C
2920 2921 C
2921 2922 T
2922 2923 C
2923 2924 T
2924 2925 G
2925 2926 T
2926 2927 A
2927 2928 A
2928 2929 C
2929 2930 T
2930 2931 T
2931 2932 A
2932 2933 A
2933 2934 A
2934 2935 G
2935 2936 A
2936 2937 C
2937 2938 C
2938 2939 C
2939 2940 A
2940 2941 G
2941 2942 C
2942 2943 C
2943 2944 G
2944 2945 A
2945 2946 G
2946 2947 G
2947 2948 G
2948 2949 C
2949 2950 T
2950 2951 T
2951 2952 C
2952 2953 A
2953 2954 C
2954 2955 G
2955 2956 A
2956 2957 T
2957 2958 A
2958 2959 G
2959 2960 C
2960 2961 G
2961 2962 C
2962 2963 G
2963 2964 C
2964 2965 T
2965 2966 C
2966 2967 C
2967 2968 G
2968 2969 T
2969 2970 A
2970 2971 G
2971 2972 G
2972 2973 C
2973 2974 A
2974 2975 G
2975 2976 G
2976 2977 A
2977 2978 A
2978 2979 C
2979 2980 A
2980 2981 C
2981 2982 C
2982 2983 A
2983 2984 T
2984 2985 G
2985 2986 A
2986 2987 A
2987 2988 A
2989 2990 A
2989 3166 G
2989 3256 T
2990 2991 C
2990 3080 G
2991 2992 C
2992 2993 G
2993 2994 G
2994 2995 T
2995 2996 G
2996 2997 G
2997 2998 C
2998 2999 G
2999 3000 A
3000 3001 C
3001 3002 C
3002 3003 C
3003 3004 C
3004 3005 A
3005 3006 A
3006 3007 A
3007 3008 G
3008 3009 A
3009 3010 T
3010 3011 T
3011 3012 G
3012 3013 G
3013 3014 C
3014 3015 A
3015 3016 T
3016 3017 C
3017 3018 A
3018 3019 T
3019 3020 G
3020 3021 T
3021 3022 C
3022 3023 G
3023 3024 G
3024 3025 C
3025 3026 T
3026 3027 A
3027 3028 C
3028 3029 G
3029 3030 T
3030 3031 T
3031 3032 T
3032 3033 T
3033 3034 T
3034 3035 G
3035 3036 T
3036 3037 C
3037 3038 G
3038 3039 A
3039 3040 C
3040 3041 G
3041 3042 C
3042 3043 G
3043 3044 T
3044 3045 T
3045 3046 C
3046 3047 T
3047 3048 C
3048 3049 G
3049 3050 C
3050 3051 C
3051 3052 C
3052 3053 C
3053 3054 C
3054 3055 C
3055 3056 C
3056 3057 C
3057 3058 G
3058 3059 A
3059 3060 C
3060 3061 G
3061 3062 T
3062 3063 G
3063 3064 T
3064 3065 G
3065 3066 C
3066 3067 C
3067 3068 A
3068 3069 G
3069 3070 C
3070 3071 G
3071 3072 C
3072 3073 T
3073 3074 T
3074 3075 A
3075 3076 T
3076 3077 G
3077 3078 A
3078 3079 G
3080 3081 A
3081 3082 T
3082 3083 G
3083 3084 C
3084 3085 C
3085 3086 C
3086 3087 C
3087 3088 G
3088 3089 C
3089 3090 A
3090 3091 C
3091 3092 C
3092 3093 A
3093 3094 G
3094 3095 C
3095 3096 A
3096 3097 C
3097 3098 C
3098 3099 C
3099 3100 G
3100 3101 T
3101 3102 G
3102 3103 G
3103 3104 T
3104 3105 C
3105 3106 T
3106 3107 A
3107 3108 C
3108 3109 G
3109 3110 A
3110 3111 C
3111 3112 C
3112 3113 G
3113 3114 T
3114 3115 G
3115 3116 T
3116 3117 C
3117 3118 A
3118 3119 C
3119 3120 T
3120 3121 C
3121 3122 G
3122 3123 C
3123 3124 T
3124 3125 A
3125 3126 A
3126 3127 C
3127 3128 C
3128 3129 T
3129 3130 G
3130 3131 A
3131 3132 C
3132 3133 C
3133 3134 A
3134 3135 T
3135 3136 C
3136 3137 C
3137 3138 C
3138 3139 C
3139 3140 A
3140 3141 A
3141 3142 C
3142 3143 C
3143 3144 C
3144 3145 T
3145 3146 A
3146 3147 T
3147 3148 A
3148 3149 C
3149 3150 T
3150 3151 T
3151 3152 A
3152 3153 G
3153 3154 G
3154 3155 G
3155 3156 G
3156 3157 C
3157 3158 A
3158 3159 G
3159 3160 C
3160 3161 A
3161 3162 T
3162 3163 G
3163 3164 T
3164 3165 A
3166 3167 G
3167 3168 G
3168 3169 C
3169 3170 G
3170 3171 T
3171 3172 A
3172 3173 G
3173 3174 G
3174 3175 T
3175 3176 A
3176 3177 G
3177 3178 A
3178 3179 A
3179 3180 A
3180 3181 A
3181 3182 T
3182 3183 A
3183 3184 T
3184 3185 C
3185 3186 C
3186 3187 C
3187 3188 A
3188 3189 G
3189 3190 C
3190 3191 T
3191 3192 C
3192 3193 T
3193 3194 A
3194 3195 T
3195 3196 G
3196 3197 T
3197 3198 A
3198 3199 C
3199 3200 C
3200 3201 G
3201 3202 G
3202 3203 G
3203 3204 C
3204 3205 A
3205 3206 C
3206 3207 C
3207 3208 T
3208 3209 T
3209 3210 A
3210 3211 C
3211 3212 G
3212 3213 C
3213 3214 T
3214 3215 T
3215 3216 C
3216 3217 T
3217 3218 G
3218 3219 G
3219 3220 C
3220 3221 G
3221 3222 A
3222 3223 G
3223 3224 A
3224 3225 C
3225 3226 T
3226 3227 T
3227 3228 C
3228 3229 T
3229 3230 C
3230 3231 T
3231 3232 T
3232 3233 A
3233 3234 T
3234 3235 A
3235 3236 G
3236 3237 T
3237 3238 G
3238 3239 G
3239 3240 A
3240 3241 T
3241 3242 T
3242 3243 C
3243 3244 C
3244 3245 A
3245 3246 G
3246 3247 A
3247 3248 T
3248 3249 G
3249 3250 T
3250 3251 A
3251 3252 T
3252 3253 A
3253 3254 A
3254 3255 G
3256 3257 T
3257 3258 T
3258 3259 G
3259 3260 A
3260 3261 T
3261 3262 T
3262 3263 G
3263 3264 C
3264 3265 T
3265 3266 T
3266 3267 C
3267 3268 T
3268 3269 C
3269 3270 A
3270 3271 G
3271 3272 A
3272 3273 A
3273 3274 A
3274 3275 A
3275 3276 T
3276 3277 A
3277 3278 A
3278 3279 A
3279 3280 G
3280 3281 T
3281 3282 A
3282 3283 A
3283 3284 T
3284 3285 C
3285 3286 G
3286 3287 C
3287 3288 A
3288 3289 G
3289 3290 C
3290 3291 A
3291 3292 G
3292 3293 T
3293 3294 T
3294 3295 T
3295 3296 T
3296 3297 C
3297 3298 C
3298 3299 A
3299 3300 A
3300 3301 C
3301 3302 T
3302 3303 A
3303 3304 C
3304 3305 A
3305 3306 G
3306 3307 T
3307 3308 A
3308 3309 C
3309 3310 C
3310 3311 A
3311 3312 G
3312 3313 C
3313 3314 T
3314 3315 G
3315 3316 G
3316 3317 A
3317 3318 A
3318 3319 A
3319 3320 T
3320 3321 T
3321 3322 A
3322 3323 T
3323 3324 G
3324 3325 G
3325 3326 G
3326 3327 G
3327 3328 A
3328 3329 A
3329 3330 G
3330 3331 T
3331 3332 T
3332 3333 G
3333 3334 T
3334 3335 C
3335 3336 A
3336 3337 T
3337 3338 C
3338 3339 A
3340 3341 T
3341 3342 T
3342 3343 T
3343 3344 T
3344 3345 T
3345 3346 T
3346 3347 C
3347 3348 C
3348 3349 G
3349 3350 C
3350 3351 G
3351 3352 C
3352 3353 C
3353 3354 T
3354 3355 T
3355 3356 C
3356 3357 G
3357 3358 T
3358 3359 A
3359 3360 T
3360 3361 C
3361 3362 G
3362 3363 G
3363 3364 A
3364 3365 G
3365 3366 T
3366 3367 G
3367 3368 C
3368 3369 T
3369 3370 C
3370 3371 G
3371 3372 T
3372 3373 A
3373 3374 T
3374 3375 T
3375 3376 T
3376 3377 A
3377 3378 T
3378 3379 G
3379 3380 C
3380 3381 G
3381 3382 A
3382 3383 A
3383 3384 T
3384 3385 A
3385 3386 G
3386 3387 T
3387 3388 A
3388 3389 T
3389 3390 C
3390 3391 G
3391 3392 A
3392 3393 A
3393 3394 T
3394 3395 A
3395 3396 A
3396 3397 C
3397 3398 C
3398 3399 A
3399 3400 A
3400 3401 C
3401 3402 A
3402 3403 G
3403 3404 C
3404 3405 T
3405 3406 C
3406 3407 C
3407 3408 C
3408 3409 C
3409 3410 C
3410 3411 G
3411 3412 G
3412 3413 A
3413 3414 T
3414 3415 A
3415 3416 G
3416 3417 C
3417 3418 G
3418 3419 C
3419 3420 G
3421 3422 G
3421 3511 T
3422 3423 A
3423 3424 C
3424 3425 G
3425 3426 G
3426 3427 C
3427 3428 G
3428 3429 C
3429 3430 A
3430 3431 C
3431 3432 T
3432 3433 A
3433 3434 A
3434 3435 C
3435 3436 T
3436 3437 G
3437 3438 T
3438 3439 T
3439 3440 C
3440 3441 T
3441 3442 T
3442 3443 C
3443 3444 A
3444 3445 G
3445 3446 T
3446 3447 C
3447 3448 A
3448 3449 G
3449 3450 T
3450 3451 T
3451 3452 A
3452 3453 A
3453 3454 T
3454 3455 C
3455 3456 T
3456 3457 G
3457 3458 T
3458 3459 T
3459 3460 A
3460 3461 T
3461 3462 A
3462 3463 A
3463 3464 A
3464 3465 T
3465 3466 C
3466 3467 T
3467 3468 A
3468 3469 A
3469 3470 G
3470 3471 T
3471 3472 C
3472 3473 G
3473 3474 A
3474 3475 T
3475 3476 T
3476 3477 T
3477 3478 G
3478 3479 C
3479 3480 A
3480 3481 A
3481 3482 C
3482 3483 C
3483 3484 C
3484 3485 C
3485 3486 A
3486 3487 T
3487 3488 C
3488 3489 A
3489 3490 G
3490 3491 A
3491 3492 G
3492 3493 T
3493 3494 G
3494 3495 T
3495 3496 G
3496 3497 A
3497 3498 A
3498 3499 G
3499 3500 T
3500 3501 T
3501 3502 G
3502 3503 T
3503 3504 G
3504 3505 A
3505 3506 G
3506 3507 C
3507 3508 C
3508 3509 T
3509 3510 C
3511 3512 C
3512 3513 C
3512 3600 G
3513 3514 C
3514 3515 G
3515 3516 G
3516 3517 A
3517 3518 G
3518 3519 T
3519 3520 T
3520 3521 A
3521 3522 G
3522 3523 G
3523 3524 T
3524 3525 T
3525 3526 C
3526 3527 C
3527 3528 C
3528 3529 A
3529 3530 A
3530 3531 C
3531 3532 T
3532 3533 T
3533 3534 T
3534 3535 T
3535 3536 T
3536 3537 G
3537 3538 C
3538 3539 A
3539 3540 T
3540 3541 G
3541 3542 C
3542 3543 T
3543 3544 A
3544 3545 C
3545 3546 C
3546 3547 C
3547 3548 G
3548 3549 C
3549 3550 A
3550 3551 C
3551 3552 G
3552 3553 G
3553 3554 G
3554 3555 G
3555 3556 T
3556 3557 A
3557 3558 G
3558 3559 C
3559 3560 G
3560 3561 G
3561 3562 C
3562 3563 G
3563 3564 A
3564 3565 G
3565 3566 C
3566 3567 C
3567 3568 C
3568 3569 A
3569 3570 G
3570 3571 A
3571 3572 A
3572 3573 T
3573 3574 C
3574 3575 G
3575 3576 G
3576 3577 A
3577 3578 A
3578 3579 T
3579 3580 C
3580 3581 G
3581 3582 A
3582 3583 A
3583 3584 G
3584 3585 T
3585 3586 T
3586 3587 G
3587 3588 A
3588 3589 G
3589 3590 A
3590 3591 T
3591 3592 A
3592 3593 G
3593 3594 A
3594 3595 C
3595 3596 A
3596 3597 C
3597 3598 C
3598 3599 C
3600 3601 T
3601 3602 C
3602 3603 A
3603 3604 T
3604 3605 A
3605 3606 G
3606 3607 T
3607 3608 T
3608 3609 T
3609 3610 T
3610 3611 G
3611 3612 G
3612 3613 C
3613 3614 A
3614 3615 G
3615 3616 C
3616 3617 G
3617 3618 T
3618 3619 T
3619 3620 A
3620 3621 A
3621 3622 C
3622 3623 T
3623 3624 A
3624 3625 C
3625 3626 A
3626 3627 A
3627 3628 G
3628 3629 T
3629 3630 A
3630 3631 G
3631 3632 C
3632 3633 A
3633 3634 C
3634 3635 C
3635 3636 A
3636 3637 A
3637 3638 A
3638 3639 T
3639 3640 A
3640 3641 T
3641 3642 C
3642 3643 T
3643 3644 G
3644 3645 G
3645 3646 G
3646 3647 G
3647 3648 A
3648 3649 A
3649 3650 C
3650 3651 C
3651 3652 A
3652 3653 A
3653 3654 A
3654 3655 G
3655 3656 G
3656 3657 A
3657 3658 C
3658 3659 T
3659 3660 G
3660 3661 G
3661 3662 T
3662 3663 A
3663 3664 C
3664 3665 A
3665 3666 C
3666 3667 A
3667 3668 T
3668 3669 A
3669 3670 C
3670 3671 A
3671 3672 G
3672 3673 G
3673 3674 T
3674 3675 T
3675 3676 C
3676 3677 T
3677 3678 T
3678 3679 A
3679 3680 T
3680 3681 C
3681 3682 C
3682 3683 T
3683 3684 T
3685 3686 A
3685 3764 C
3685 3855 T
3686 3687 T
3687 3688 T
3688 3689 G
3689 3690 T
3690 3691 A
3691 3692 G
3692 3693 T
3693 3694 T
3694 3695 C
3695 3696 C
3696 3697 G
3697 3698 C
3698 3699 G
3699 3700 C
3700 3701 G
3701 3702 A
3702 3703 T
3703 3704 T
3704 3705 C
3705 3706 C
3706 3707 A
3707 3708 A
3708 3709 A
3709 3710 T
3710 3711 T
3711 3712 C
3712 3713 C
3713 3714 T
3714 3715 C
3715 3716 G
3716 3717 G
3717 3718 A
3718 3719 T
3719 3720 C
3720 3721 C
3721 3722 A
3722 3723 C
3723 3724 A
3724 3725 T
3725 3726 A
3726 3727 G
3727 3728 C
3728 3729 C
3729 3730 C
3730 3731 G
3731 3732 T
3732 3733 C
3733 3734 C
3734 3735 G
3735 3736 C
3736 3737 C
3737 3738 A
3738 3739 T
3739 3740 G
3740 3741 G
3741 3742 T
3742 3743 G
3743 3744 G
3744 3745 C
3745 3746 T
3746 3747 T
3747 3748 C
3748 3749 C
3749 3750 A
3750 3751 G
3751 3752 C
3752 3753 C
3753 3754 A
3754 3755 T
3755 3756 C
3756 3757 A
3757 3758 C
3758 3759 T
3759 3760 T
3760 3761 G
3761 3762 G
3762 3763 T
3764 3765 C
3765 3766 C
3766 3767 C
3767 3768 T
3768 3769 G
3769 3770 G
3770 3771 C
3771 3772 A
3772 3773 A
3773 3774 G
3774 3775 T
3775 3776 A
3776 3777 C
3777 3778 G
3778 3779 G
3779 3780 A
3780 3781 G
3781 3782 T
3782 3783 G
3783 3784 A
3784 3785 G
3785 3786 C
3786 3787 T
3787 3788 G
3788 3789 C
3789 3790 G
3790 3791 A
3791 3792 G
3792 3793 A
3793 3794 C
3794 3795 C
3795 3796 C
3796 3797 T
3797 3798 A
3798 3799 C
3799 3800 G
3800 3801 C
3801 3802 C
3802 3803 A
3803 3804 G
3804 3805 C
3805 3806 T
3806 3807 T
3807 3808 T
3808 3809 C
3809 3810 A
3810 3811 C
3811 3812 C
3812 3813 C
3813 3814 G
3814 3815 G
3815 3816 A
3816 3817 C
3817 3818 A
3818 3819 G
3819 3820 C
3820 3821 C
3821 3822 A
3822 3823 C
3823 3824 T
3824 3825 T
3825 3826 C
3826 3827 C
3827 3828 G
3828 3829 G
3829 3830 T
3830 3831 C
3831 3832 G
3832 3833 G
3833 3834 T
3834 3835 A
3835 3836 G
3836 3837 A
3837 3838 G
3838 3839 C
3839 3840 A
3840 3841 T
3841 3842 T
3842 3843 G
3843 3844 T
3844 3845 T
3845 3846 A
3846 3847 G
3847 3848 C
3848 3849 C
3849 3850 C
3850 3851 G
3851 3852 C
3852 3853 G
3853 3854 T
3855 3856 C
3855 3935 T
3856 3857 C
3857 3858 A
3858 3859 A
3859 3860 T
3860 3861 G
3861 3862 C
3862 3863 G
3863 3864 C
3864 3865 T
3865 3866 G
3866 3867 G
3867 3868 G
3868 3869 C
3869 3870 C
3870 3871 A
3871 3872 A
3872 3873 T
3873 3874 G
3874 3875 G
3875 3876 A
3876 3877 C
3877 3878 G
3878 3879 G
3879 3880 T
3880 3881 G
3881 3882 G
3882 3883 G
3883 3884 G
3884 3885 A
3885 3886 G
3886 3887 C
3887 3888 A
3888 3889 C
3889 3890 G
3890 3891 T
3891 3892 T
3892 3893 A
3893 3894 C
3894 3895 A
3895 3896 A
3896 3897 A
3897 3898 G
3898 3899 C
3899 3900 G
3900 3901 A
3901 3902 T
3902 3903 T
3903 3904 C
3904 3905 C
3905 3906 A
3906 3907 T
3907 3908 A
3908 3909 G
3909 3910 A
3910 3911 A
3911 3912 A
3912 3913 T
3913 3914 T
3914 3915 C
3915 3916 C
3916 3917 C
3917 3918 A
3918 3919 C
3919 3920 C
3920 3921 G
3921 3922 A
3922 3923 G
3923 3924 C
3924 3925 G
3925 3926 G
3926 3927 A
3927 3928 G
3928 3929 A
3929 3930 T
3930 3931 A
3931 3932 C
3932 3933 A
3933 3934 G
3935 3936 C
3936 3937 C
3937 3938 G
3938 3939 C
3939 3940 A
3940 3941 T
3941 3942 A
3942 3943 G
3943 3944 C
3944 3945 G
3945 3946 T
3946 3947 T
3947 3948 G
3948 3949 C
3949 3950 G
3950 3951 C
3951 3952 G
3952 3953 T
3953 3954 T
3954 3955 A
3955 3956 C
3956 3957 C
3957 3958 C
3958 3959 G
3959 3960 A
3960 3961 G
3961 3962 A
3962 3963 T
3963 3964 A
3964 3965 C
3965 3966 G
3966 3967 G
3967 3968 T
3968 3969 C
3969 3970 A
3970 3971 C
3971 3972 T
3972 3973 T
3973 3974 G
3974 3975 C
3975 3976 T
3976 3977 T
3977 3978 C
3978 3979 C
3979 3980 C
3980 3981 G
3981 3982 T
3982 3983 C
3983 3984 G
3984 3985 C
3985 3986 A
3986 3987 C
3987 3988 A
3988 3989 T
3989 3990 G
3990 3991 A
3991 3992 T
3992 3993 G
3993 3994 A
3994 3995 A
3995 3996 T
3996 3997 T
3997 3998 T
3998 3999 A
3999 4000 A
4000 4001 G
4001 4002 G
4002 4003 G
4003 4004 G
4004 4005 T
4005 4006 A
4006 4007 A
4007 4008 A
4008 4009 A
4009 4010 T
4010 4011 T
4011 4012 T
4012 4013 C
4013 4014 A
4014 4015 G
4015 4016 C
4016 4017 G
4017 4018 A
4018 4019 T
4020 4021 A
4020 4619 C
4020 4865 G
4020 5303 T
4021 4022 A
4021 4184 C
4021 4277 G
4021 4365 T
4022 4023 G
4022 4106 T
4023 4024 T
4024 4025 G
4025 4026 A
4026 4027 T
4027 4028 C
4028 4029 T
4029 4030 T
4030 4031 G
4031 4032 G
4032 4033 A
4033 4034 T
4034 4035 G
4035 4036 A
4036 4037 T
4037 4038 T
4038 4039 C
4039 4040 T
4040 4041 A
4041 4042 G
4042 4043 T
4043 4044 A
4044 4045 C
4045 4046 T
4046 4047 C
4047 4048 T
4048 4049 C
4049 4050 T
4050 4051 T
4051 4052 G
4052 4053 C
4053 4054 T
4054 4055 G
4055 4056 G
4056 4057 A
4057 4058 T
4058 4059 G
4059 4060 C
4060 4061 A
4061 4062 T
4062 4063 A
4063 4064 G
4064 4065 T
4065 4066 G
4066 4067 A
4067 4068 T
4068 4069 A
4069 4070 C
4070 4071 T
4071 4072 T
4072 4073 C
4073 4074 A
4074 4075 T
4075 4076 T
4076 4077 C
4077 4078 C
4078 4079 G
4079 4080 A
4080 4081 C
4081 4082 T
4082 4083 A
4083 4084 C
4084 4085 C
4085 4086 G
4086 4087 C
4087 4088 G
4088 4089 C
4089 4090 G
4090 4091 C
4091 4092 C
4092 4093 G
4093 4094 C
4094 4095 C
4095 4096 G
4096 4097 G
4097 4098 A
4098 4099 A
4099 4100 C
4100 4101 T
4101 4102 A
4102 4103 C
4103 4104 A
4104 4105 A
4106 4107 T
4107 4108 T
4108 4109 A
4109 4110 C
4110 4111 A
4111 4112 G
4112 4113 T
4113 4114 T
4114 4115 T
4115 4116 A
4116 4117 A
4117 4118 G
4118 4119 T
4119 4120 T
4120 4121 G
4121 4122 G
4122 4123 A
4123 4124 C
4124 4125 A
4125 4126 G
4126 4127 A
4127 4128 T
4128 4129 A
4129 4130 T
4130 4131 T
4131 4132 C
4132 4133 A
4133 4134 G
4134 4135 T
4135 4136 T
4136 4137 T
4137 4138 T
4138 4139 T
4139 4140 C
4140 4141 T
4141 4142 G
4142 4143 T
4143 4144 C
4144 4145 A
4145 4146 A
4146 4147 T
4147 4148 A
4148 4149 T
4149 4150 T
4150 4151 G
4151 4152 T
4152 4153 G
4153 4154 A
4154 4155 T
4155 4156 G
4156 4157 G
4157 4158 G
4158 4159 C
4159 4160 C
4160 4161 C
4161 4162 T
4162 4163 C
4163 4164 G
4164 4165 T
4165 4166 C
4166 4167 C
4167 4168 T
4168 4169 A
4169 4170 T
4170 4171 C
4171 4172 C
4172 4173 A
4173 4174 C
4174 4175 T
4175 4176 G
4176 4177 T
4177 4178 T
4178 4179 T
4179 4180 G
4180 4181 A
4181 4182 G
4182 4183 G
4184 4185 A
4185 4186 G
4186 4187 G
4187 4188 A
4188 4189 C
4189 4190 T
4190 4191 G
4191 4192 T
4192 4193 A
4193 4194 G
4194 4195 T
4195 4196 A
4196 4197 C
4197 4198 T
4198 4199 A
4199 4200 T
4200 4201 T
4201 4202 C
4202 4203 G
4203 4204 A
4204 4205 T
4205 4206 T
4206 4207 A
4207 4208 T
4208 4209 C
4209 4210 A
4210 4211 A
4211 4212 G
4212 4213 G
4213 4214 T
4214 4215 T
4215 4216 C
4216 4217 G
4217 4218 T
4218 4219 T
4219 4220 T
4220 4221 C
4221 4222 G
4222 4223 T
4223 4224 A
4224 4225 C
4225 4226 G
4226 4227 G
4227 4228 T
4228 4229 T
4229 4230 C
4230 4231 A
4231 4232 T
4232 4233 T
4233 4234 A
4234 4235 G
4235 4236 G
4236 4237 T
4237 4238 C
4238 4239 A
4239 4240 A
4240 4241 C
4241 4242 C
4242 4243 T
4243 4244 G
4244 4245 A
4245 4246 C
4246 4247 T
4247 4248 T
4248 4249 T
4249 4250 T
4250 4251 G
4251 4252 T
4252 4253 C
4253 4254 A
4254 4255 T
4255 4256 C
4256 4257 A
4257 4258 G
4258 4259 T
4259 4260 A
4260 4261 C
4261 4262 C
4262 4263 C
4263 4264 A
4264 4265 G
4265 4266 C
4266 4267 T
4267 4268 C
4268 4269 A
4269 4270 T
4270 4271 G
4271 4272 A
4272 4273 G
4273 4274 C
4274 4275 G
4275 4276 G
4277 4278 A
4278 4279 A
4279 4280 A
4280 4281 G
4281 4282 G
4282 4283 C
4283 4284 C
4284 4285 A
4285 4286 C
4286 4287 T
4287 4288 C
4288 4289 C
4289 4290 A
4290 4291 A
4291 4292 G
4292 4293 G
4293 4294 A
4294 4295 C
4295 4296 G
4296 4297 G
4297 4298 C
4298 4299 T
4299 4300 G
4300 4301 G
4301 4302 C
4302 4303 G
4303 4304 A
4304 4305 G
4305 4306 T
4306 4307 C
4307 4308 C
4308 4309 A
4309 4310 G
4310 4311 T
4311 4312 T
4312 4313 T
4313 4314 C
4314 4315 C
4315 4316 A
4316 4317 C
4317 4318 T
4318 4319 G
4319 4320 A
4320 4321 G
4321 4322 C
4322 4323 T
4323 4324 A
4324 4325 C
4325 4326 G
4326 4327 A
4327 4328 C
4328 4329 G
4329 4330 C
4330 4331 C
4331 4332 A
4332 4333 G
4333 4334 G
4334 4335 T
4335 4336 T
4336 4337 A
4337 4338 C
4338 4339 T
4339 4340 G
4340 4341 T
4341 4342 A
4342 4343 T
4343 4344 A
4344 4345 T
4345 4346 G
4346 4347 C
4347 4348 G
4348 4349 C
4349 4350 T
4350 4351 A
4351 4352 C
4352 4353 T
4353 4354 G
4354 4355 G
4355 4356 A
4356 4357 C
4357 4358 A
4358 4359 C
4359 4360 C
4360 4361 T
4361 4362 T
4362 4363 C
4363 4364 T
4365 4366 A
4365 4451 C
4365 4534 T
4366 4367 G
4367 4368 G
4368 4369 A
4369 4370 T
4370 4371 T
4371 4372 A
4372 4373 T
4373 4374 C
4374 4375 T
4375 4376 G
4376 4377 G
4377 4378 A
4378 4379 A
4379 4380 A
4380 4381 G
4381 4382 T
4382 4383 G
4383 4384 G
4384 4385 G
4385 4386 T
4386 4387 A
4387 4388 G
4388 4389 G
4389 4390 A
4390 4391 T
4391 4392 T
4392 4393 T
4393 4394 T
4394 4395 T
4395 4396 T
4396 4397 C
4397 4398 T
4398 4399 T
4399 4400 G
4400 4401 A
4401 4402 G
4402 4403 C
4403 4404 T
4404 4405 A
4405 4406 A
4406 4407 G
4407 4408 T
4408 4409 A
4409 4410 A
4410 4411 C
4411 4412 T
4412 4413 A
4413 4414 A
4414 4415 A
4415 4416 G
4416 4417 G
4417 4418 C
4418 4419 G
4419 4420 T
4420 4421 G
4421 4422 T
4422 4423 C
4423 4424 T
4424 4425 A
4425 4426 C
4426 4427 T
4427 4428 G
4428 4429 C
4429 4430 T
4430 4431 G
4431 4432 G
4432 4433 A
4433 4434 G
4434 4435 T
4435 4436 T
4436 4437 G
4437 4438 T
4438 4439 C
4439 4440 A
4440 4441 T
4441 4442 C
4442 4443 A
4443 4444 A
4444 4445 T
4445 4446 G
4446 4447 A
4447 4448 C
4448 4449 G
4449 4450 G
4451 4452 C
4452 4453 A
4453 4454 G
4454 4455 A
4455 4456 A
4456 4457 T
4457 4458 T
4458 4459 C
4459 4460 C
4460 4461 G
4461 4462 A
4462 4463 C
4463 4464 T
4464 4465 C
4465 4466 T
4466 4467 G
4467 4468 T
4468 4469 T
4469 4470 T
4470 4471 A
4471 4472 A
4472 4473 G
4473 4474 C
4474 4475 G
4475 4476 A
4476 4477 T
4477 4478 A
4478 4479 T
4479 4480 C
4480 4481 C
4481 4482 G
4482 4483 A
4483 4484 T
4484 4485 G
4485 4486 A
4486 4487 C
4487 4488 A
4488 4489 G
4489 4490 G
4490 4491 A
4491 4492 T
4492 4493 T
4493 4494 A
4494 4495 C
4495 4496 G
4496 4497 T
4497 4498 C
4498 4499 T
4499 4500 A
4500 4501 G
4501 4502 C
4502 4503 G
4503 4504 G
4504 4505 T
4505 4506 C
4506 4507 T
4507 4508 A
4508 4509 T
4509 4510 G
4510 4511 A
4511 4512 C
4512 4513 C
4513 4514 G
4514 4515 C
4515 4516 C
4516 4517 A
4517 4518 A
4518 4519 A
4519 4520 T
4520 4521 T
4521 4522 C
4522 4523 G
4523 4524 T
4524 4525 T
4525 4526 C
4526 4527 G
4527 4528 C
4528 4529 T
4529 4530 T
4530 4531 G
4531 4532 T
4532 4533 C
4534 4535 T
4535 4536 T
4536 4537 A
4537 4538 T
4538 4539 G
4539 4540 G
4540 4541 A
4541 4542 G
4542 4543 G
4543 4544 T
4544 4545 T
4545 4546 G
4546 4547 C
4547 4548 A
4548 4549 G
4549 4550 C
4550 4551 C
4551 4552 T
4552 4553 T
4553 4554 T
4554 4555 T
4555 4556 G
4556 4557 A
4557 4558 A
4558 4559 A
4559 4560 A
4560 4561 C
4561 4562 T
4562 4563 A
4563 4564 T
4564 4565 T
4565 4566 A
4566 4567 T
4567 4568 T
4568 4569 A
4569 4570 A
4570 4571 T
4571 4572 C
4572 4573 C
4573 4574 A
4574 4575 T
4575 4576 T
4576 4577 G
4577 4578 C
4578 4579 G
4579 4580 A
4580 4581 C
4581 4582 T
4582 4583 G
4583 4584 A
4584 4585 G
4585 4586 T
4586 4587 G
4587 4588 T
4588 4589 G
4589 4590 T
4590 4591 A
4591 4592 G
4592 4593 A
4593 4594 T
4594 4595 A
4595 4596 A
4596 4597 G
4597 4598 A
4598 4599 G
4599 4600 A
4600 4601 T
4601 4602 C
4602 4603 T
4603 4604 C
4604 4605 C
4605 4606 A
4606 4607 T
4607 4608 G
4608 4609 C
4609 4610 A
4610 4611 C
4611 4612 A
4612 4613 G
4613 4614 C
4614 4615 T
4615 4616 C
4616 4617 C
4617 4618 T
4619 4620 A
4619 4700 G
4620 4621 A
4621 4622 C
4622 4623 A
4623 4624 A
4624 4625 A
4625 4626 T
4626 4627 A
4627 4628 T
4628 4629 C
4629 4630 A
4630 4631 G
4631 4632 A
4632 4633 C
4633 4634 T
4634 4635 T
4635 4636 A
4636 4637 C
4637 4638 A
4638 4639 A
4639 4640 C
4640 4641 A
4641 4642 A
4642 4643 C
4643 4644 C
4644 4645 G
4645 4646 T
4646 4647 T
4647 4648 G
4648 4649 G
4649 4650 C
4650 4651 T
4651 4652 T
4652 4653 G
4653 4654 T
4654 4655 T
4655 4656 G
4656 4657 A
4657 4658 C
4658 4659 A
4659 4660 C
4660 4661 T
4661 4662 G
4662 4663 T
4663 4664 A
4664 4665 G
4665 4666 G
4666 4667 T
4667 4668 A
4668 4669 G
4669 4670 A
4670 4671 T
4671 4672 T
4672 4673 T
4673 4674 T
4674 4675 T
4675 4676 A
4676 4677 G
4677 4678 A
4678 4679 T
4679 4680 A
4680 4681 T
4681 4682 G
4682 4683 C
4683 4684 A
4684 4685 A
4685 4686 A
4686 4687 C
4687 4688 C
4688 4689 G
4689 4690 G
4690 4691 C
4691 4692 A
4692 4693 G
4693 4694 T
4694 4695 G
4695 4696 T
4696 4697 A
4697 4698 A
4698 4699 G
4700 4701 A
4700 4788 G
4701 4702 G
4702 4703 C
4703 4704 C
4704 4705 G
4705 4706 T
4706 4707 T
4707 4708 C
4708 4709 G
4709 4710 T
4710 4711 C
4711 4712 A
4712 4713 C
4713 4714 C
4714 4715 T
4715 4716 A
4716 4717 A
4717 4718 C
4718 4719 C
4719 4720 A
4720 4721 A
4721 4722 G
4722 4723 G
4723 4724 C
4724 4725 T
4725 4726 A
4726 4727 C
4727 4728 T
4728 4729 T
4729 4730 T
4730 4731 A
4731 4732 C
4732 4733 T
4733 4734 T
4734 4735 G
4735 4736 G
4736 4737 T
4737 4738 T
4738 4739 T
4739 4740 A
4740 4741 A
4741 4742 A
4742 4743 T
4743 4744 G
4744 4745 T
4745 4746 G
4746 4747 G
4747 4748 G
4748 4749 C
4749 4750 G
4750 4751 G
4751 4752 G
4752 4753 T
4753 4754 A
4754 4755 G
4755 4756 G
4756 4757 C
4757 4758 A
4758 4759 T
4759 4760 G
4760 4761 A
4761 4762 G
4762 4763 T
4763 4764 T
4764 4765 C
4765 4766 G
4766 4767 T
4767 4768 A
4768 4769 G
4769 4770 T
4770 4771 G
4771 4772 T
4772 4773 C
4773 4774 A
4774 4775 A
4775 4776 A
4776 4777 G
4777 4778 T
4778 4779 T
4779 4780 A
4780 4781 A
4781 4782 A
4782 4783 G
4783 4784 A
4784 4785 T
4785 4786 T
4786 4787 T
4788 4789 T
4789 4790 G
4790 4791 C
4791 4792 G
4792 4793 A
4793 4794 C
4794 4795 G
4795 4796 G
4796 4797 C
4797 4798 T
4798 4799 C
4799 4800 A
4800 4801 G
4801 4802 G
4802 4803 T
4803 4804 A
4804 4805 C
4805 4806 T
4806 4807 T
4807 4808 G
4808 4809 T
4809 4810 A
4810 4811 C
4811 4812 A
4812 4813 T
4813 4814 T
4814 4815 A
4815 4816 T
4816 4817 T
4817 4818 A
4818 4819 A
4819 4820 G
4820 4821 C
4821 4822 T
4822 4823 G
4823 4824 C
4824 4825 G
4825 4826 A
4826 4827 C
4827 4828 G
4828 4829 A
4829 4830 C
4830 4831 C
4831 4832 G
4832 4833 G
4833 4834 C
4834 4835 A
4835 4836 A
4836 4837 T
4837 4838 A
4838 4839 A
4839 4840 T
4840 4841 G
4841 4842 T
4842 4843 C
4843 4844 A
4844 4845 G
4845 4846 T
4846 4847 T
4847 4848 C
4848 4849 G
4849 4850 A
4850 4851 G
4851 4852 T
4852 4853 A
4853 4854 G
4854 4855 C
4855 4856 A
4856 4857 G
4857 4858 G
4858 4859 A
4859 4860 A
4860 4861 T
4861 4862 G
4862 4863 C
4863 4864 C
4865 4866 A
4865 4945 G
4866 4867 T
4867 4868 T
4868 4869 G
4869 4870 C
4870 4871 T
4871 4872 C
4872 4873 A
4873 4874 T
4874 4875 G
4875 4876 A
4876 4877 G
4877 4878 A
4878 4879 G
4879 4880 C
4880 4881 C
4881 4882 T
4882 4883 A
4883 4884 T
4884 4885 C
4885 4886 C
4886 4887 G
4887 4888 T
4888 4889 C
4889 4890 T
4890 4891 C
4891 4892 T
4892 4893 G
4893 4894 C
4894 4895 T
4895 4896 C
4896 4897 A
4897 4898 T
4898 4899 G
4899 4900 A
4900 4901 C
4901 4902 G
4902 4903 T
4903 4904 T
4904 4905 G
4905 4906 G
4906 4907 C
4907 4908 A
4908 4909 C
4909 4910 T
4910 4911 G
4911 4912 A
4912 4913 A
4913 4914 G
4914 4915 T
4915 4916 G
4916 4917 C
4917 4918 G
4918 4919 C
4919 4920 A
4920 4921 G
4921 4922 A
4922 4923 G
4923 4924 C
4924 4925 C
4925 4926 C
4926 4927 A
4927 4928 C
4928 4929 A
4929 4930 G
4930 4931 C
4931 4932 G
4932 4933 T
4933 4934 G
4934 4935 C
4935 4936 T
4936 4937 C
4937 4938 C
4938 4939 G
4939 4940 G
4940 4941 A
4941 4942 T
4942 4943 C
4943 4944 A
4945 4946 A
4945 5114 G
4945 5208 T
4946 4947 C
4946 5030 T
4947 4948 G
4948 4949 C
4949 4950 T
4950 4951 T
4951 4952 A
4952 4953 A
4953 4954 T
4954 4955 G
4955 4956 T
4956 4957 T
4957 4958 G
4958 4959 G
4959 4960 C
4960 4961 T
4961 4962 T
4962 4963 T
4963 4964 C
4964 4965 T
4965 4966 A
4966 4967 A
4967 4968 A
4968 4969 A
4969 4970 C
4970 4971 C
4971 4972 A
4972 4973 C
4973 4974 A
4974 4975 G
4975 4976 A
4976 4977 A
4977 4978 A
4978 4979 T
4979 4980 G
4980 4981 T
4981 4982 T
4982 4983 T
4983 4984 A
4984 4985 C
4985 4986 T
4986 4987 G
4987 4988 A
4988 4989 T
4989 4990 G
4990 4991 A
4991 4992 T
4992 4993 G
4993 4994 G
4994 4995 G
4995 4996 G
4996 4997 G
4997 4998 A
4998 4999 A
4999 5000 C
5000 5001 C
5001 5002 C
5002 5003 T
5003 5004 G
5004 5005 G
5005 5006 A
5006 5007 A
5007 5008 C
5008 5009 A
5009 5010 A
5010 5011 A
5011 5012 C
5012 5013 G
5013 5014 G
5014 5015 G
5015 5016 G
5016 5017 C
5017 5018 G
5018 5019 C
5019 5020 T
5020 5021 G
5021 5022 C
5022 5023 C
5023 5024 A
5024 5025 G
5025 5026 C
5026 5027 G
5027 5028 C
5028 5029 C
5030 5031 C
5031 5032 G
5032 5033 A
5033 5034 T
5034 5035 C
5035 5036 C
5036 5037 A
5037 5038 G
5038 5039 G
5039 5040 T
5040 5041 T
5041 5042 C
5042 5043 T
5043 5044 T
5044 5045 C
5045 5046 G
5046 5047 A
5047 5048 G
5048 5049 A
5049 5050 C
5050 5051 G
5051 5052 G
5052 5053 C
5053 5054 G
5054 5055 G
5055 5056 A
5056 5057 A
5057 5058 T
5058 5059 C
5059 5060 A
5060 5061 C
5061 5062 T
5062 5063 C
5063 5064 T
5064 5065 T
5065 5066 A
5066 5067 T
5067 5068 G
5068 5069 G
5069 5070 C
5070 5071 A
5071 5072 T
5072 5073 G
5073 5074 C
5074 5075 C
5075 5076 G
5076 5077 A
5077 5078 A
5078 5079 C
5079 5080 T
5080 5081 T
5081 5082 A
5082 5083 G
5083 5084 G
5084 5085 G
5085 5086 C
5086 5087 G
5087 5088 T
5088 5089 T
5089 5090 G
5090 5091 A
5091 5092 T
5092 5093 G
5093 5094 T
5094 5095 G
5095 5096 C
5096 5097 T
5097 5098 C
5098 5099 T
5099 5100 C
5100 5101 T
5101 5102 C
5102 5103 T
5103 5104 C
5104 5105 A
5105 5106 C
5106 5107 C
5107 5108 T
5108 5109 T
5109 5110 T
5110 5111 T
5111 5112 A
5112 5113 T
5114 5115 C
5115 5116 A
5116 5117 C
5117 5118 C
5118 5119 A
5119 5120 C
5120 5121 T
5121 5122 A
5122 5123 G
5123 5124 G
5124 5125 A
5125 5126 C
5126 5127 G
5127 5128 G
5128 5129 A
5129 5130 C
5130 5131 G
5131 5132 G
5132 5133 A
5133 5134 G
5134 5135 C
5135 5136 G
5136 5137 A
5137 5138 T
5138 5139 C
5139 5140 A
5140 5141 G
5141 5142 G
5142 5143 C
5143 5144 C
5144 5145 G
5145 5146 T
5146 5147 C
5147 5148 A
5148 5149 C
5149 5150 T
5150 5151 C
5151 5152 T
5152 5153 T
5153 5154 T
5154 5155 T
5155 5156 G
5156 5157 A
5157 5158 A
5158 5159 C
5159 5160 G
5160 5161 A
5161 5162 T
5162 5163 G
5163 5164 G
5164 5165 C
5165 5166 G
5166 5167 A
5167 5168 C
5168 5169 C
5169 5170 T
5170 5171 A
5171 5172 A
5172 5173 A
5173 5174 T
5174 5175 A
5175 5176 C
5176 5177 G
5177 5178 T
5178 5179 G
5179 5180 A
5180 5181 A
5181 5182 T
5182 5183 G
5183 5184 T
5184 5185 C
5185 5186 G
5186 5187 A
5187 5188 T
5188 5189 A
5189 5190 C
5190 5191 A
5191 5192 A
5192 5193 A
5193 5194 G
5194 5195 T
5195 5196 T
5196 5197 A
5197 5198 C
5198 5199 T
5199 5200 A
5200 5201 T
5201 5202 A
5202 5203 A
5203 5204 A
5204 5205 C
5205 5206 A
5206 5207 A
5208 5209 T
5209 5210 A
5210 5211 T
5211 5212 T
5212 5213 G
5213 5214 G
5214 5215 T
5215 5216 A
5216 5217 G
5217 5218 C
5218 5219 G
5219 5220 G
5220 5221 G
5221 5222 A
5222 5223 T
5223 5224 A
5224 5225 C
5225 5226 T
5226 5227 C
5227 5228 G
5228 5229 A
5229 5230 A
5230 5231 G
5231 5232 T
5232 5233 A
5233 5234 G
5234 5235 A
5235 5236 A
5236 5237 C
5237 5238 T
5238 5239 G
5239 5240 G
5240 5241 A
5241 5242 G
5242 5243 A
5243 5244 T
5244 5245 G
5245 5246 C
5246 5247 T
5247 5248 C
5248 5249 G
5249 5250 C
5250 5251 C
5251 5252 A
5252 5253 C
5253 5254 A
5254 5255 T
5255 5256 C
5256 5257 T
5257 5258 A
5258 5259 A
5259 5260 G
5260 5261 G
5261 5262 T
5262 5263 C
5263 5264 A
5264 5265 T
5265 5266 G
5266 5267 T
5267 5268 T
5268 5269 A
5269 5270 T
5270 5271 A
5271 5272 T
5272 5273 A
5273 5274 T
5274 5275 C
5275 5276 A
5276 5277 A
5277 5278 T
5278 5279 A
5279 5280 C
5280 5281 T
5281 5282 T
5282 5283 G
5283 5284 C
5284 5285 T
5285 5286 T
5286 5287 A
5287 5288 A
5288 5289 A
5289 5290 C
5290 5291 G
5291 5292 G
5292 5293 A
5293 5294 A
5294 5295 C
5295 5296 G
5296 5297 C
5297 5298 C
5298 5299 T
5299 5300 C
5300 5301 T
5301 5302 A
5303 5304 A
5303 5387 C
5303 5467 G
5303 5564 T
5304 5305 A
5305 5306 C
5306 5307 G
5307 5308 G
5308 5309 G
5309 5310 T
5310 5311 A
5311 5312 G
5312 5313 G
5313 5314 G
5314 5315 G
5315 5316 C
5316 5317 C
5317 5318 C
5318 5319 A
5319 5320 G
5320 5321 T
5321 5322 A
5322 5323 C
5323 5324 A
5324 5325 C
5325 5326 T
5326 5327 C
5327 5328 T
5328 5329 T
5329 5330 C
5330 5331 T
5331 5332 G
5332 5333 C
5333 5334 C
5334 5335 A
5335 5336 G
5336 5337 G
5337 5338 G
5338 5339 G
5339 5340 A
5340 5341 T
5341 5342 T
5342 5343 T
5343 5344 T
5344 5345 C
5345 5346 G
5346 5347 A
5347 5348 T
5348 5349 C
5349 5350 T
5350 5351 T
5351 5352 A
5352 5353 G
5353 5354 T
5354 5355 C
5355 5356 T
5356 5357 C
5357 5358 T
5358 5359 T
5359 5360 T
5360 5361 G
5361 5362 T
5362 5363 C
5363 5364 C
5364 5365 G
5365 5366 A
5366 5367 C
5367 5368 T
5368 5369 G
5369 5370 G
5370 5371 G
5371 5372 A
5372 5373 C
5373 5374 G
5374 5375 C
5375 5376 T
5376 5377 C
5377 5378 G
5378 5379 T
5379 5380 C
5380 5381 G
5381 5382 G
5382 5383 C
5383 5384 T
5384 5385 T
5385 5386 G
5387 5388 A
5388 5389 C
5389 5390 C
5390 5391 T
5391 5392 C
5392 5393 T
5393 5394 C
5394 5395 G
5395 5396 C
5396 5397 T
5397 5398 T
5398 5399 G
5399 5400 A
5400 5401 A
5401 5402 C
5402 5403 T
5403 5404 A
5404 5405 C
5405 5406 T
5406 5407 C
5407 5408 T
5408 5409 A
5409 5410 C
5410 5411 C
5411 5412 G
5412 5413 T
5413 5414 A
5414 5415 G
5415 5416 T
5416 5417 C
5417 5418 G
5418 5419 A
5419 5420 C
5420 5421 T
5421 5422 A
5422 5423 C
5423 5424 T
5424 5425 G
5425 5426 C
5426 5427 A
5427 5428 C
5428 5429 G
5429 5430 G
5430 5431 A
5431 5432 C
5432 5433 T
5433 5434 T
5434 5435 T
5435 5436 A
5436 5437 T
5437 5438 T
5438 5439 T
5439 5440 A
5440 5441 A
5441 5442 C
5442 5443 C
5443 5444 C
5444 5445 C
5445 5446 T
5446 5447 G
5447 5448 C
5448 5449 T
5449 5450 A
5450 5451 C
5451 5452 T
5452 5453 A
5453 5454 G
5454 5455 A
5455 5456 G
5456 5457 T
5457 5458 T
5458 5459 A
5459 5460 C
5460 5461 C
5461 5462 C
5462 5463 T
5463 5464 T
5464 5465 A
5465 5466 C
5467 5468 G
5468 5469 C
5469 5470 A
5470 5471 G
5471 5472 C
5472 5473 A
5473 5474 C
5474 5475 C
5475 5476 G
5476 5477 C
5477 5478 C
5478 5479 C
5479 5480 A
5480 5481 A
5481 5482 G
5482 5483 C
5483 5484 A
5484 5485 G
5485 5486 C
5486 5487 C
5487 5488 T
5488 5489 G
5489 5490 A
5490 5491 C
5491 5492 C
5492 5493 C
5493 5494 T
5494 5495 G
5495 5496 C
5496 5497 A
5497 5498 G
5498 5499 A
5499 5500 A
5500 5501 A
5501 5502 A
5502 5503 A
5503 5504 T
5504 5505 G
5505 5506 G
5506 5507 A
5507 5508 C
5508 5509 A
5509 5510 T
5510 5511 G
5511 5512 G
5512 5513 G
5513 5514 G
5514 5515 G
5515 5516 T
5516 5517 A
5517 5518 C
5518 5519 C
5519 5520 T
5520 5521 G
5521 5522 C
5522 5523 C
5523 5524 C
5524 5525 G
5525 5526 T
5526 5527 T
5527 5528 A
5528 5529 A
5529 5530 T
5530 5531 C
5531 5532 G
5532 5533 T
5533 5534 A
5534 5535 C
5535 5536 A
5536 5537 G
5537 5538 T
5538 5539 T
5539 5540 T
5540 5541 T
5541 5542 A
5542 5543 T
5543 5544 G
5544 5545 A
5545 5546 A
5546 5547 C
5547 5548 A
5548 5549 C
5549 5550 T
5550 5551 A
5551 5552 C
5552 5553 C
5553 5554 T
5554 5555 G
5555 5556 A
5556 5557 C
5557 5558 T
5558 5559 T
5559 5560 A
5560 5561 C
5561 5562 A
5562 5563 C
5564 5565 C
5565 5566 C
5566 5567 C
5567 5568 A
5568 5569 T
5569 5570 A
5570 5571 C
5571 5572 T
5572 5573 A
5573 5574 C
5574 5575 G
5575 5576 C
5576 5577 A
5577 5578 C
5578 5579 T
5579 5580 A
5580 5581 C
5581 5582 C
5582 5583 C
5583 5584 G
5584 5585 A
5585 5586 G
5586 5587 G
5587 5588 C
5588 5589 C
5589 5590 T
5590 5591 T
5591 5592 C
5592 5593 A
5593 5594 G
5594 5595 A
5595 5596 T
5596 5597 T
5597 5598 G
5598 5599 T
5599 5600 C
5600 5601 A
5601 5602 T
5602 5603 G
5603 5604 C
5604 5605 C
5605 5606 C
5606 5607 A
5607 5608 C
5608 5609 A
5609 5610 G
5610 5611 A
5611 5612 A
5612 5613 A
5613 5614 T
5614 5615 T
5615 5616 A
5616 5617 A
5617 5618 T
5618 5619 A
5619 5620 C
5620 5621 A
5621 5622 A
5622 5623 C
5623 5624 G
5624 5625 C
5625 5626 A
5626 5627 A
5627 5628 T
5628 5629 C
5629 5630 C
5630 5631 C
5631 5632 T
5632 5633 C
5633 5634 C
5634 5635 C
5635 5636 T
5636 5637 T
5637 5638 T
5638 5639 G
5639 5640 A
5640 5641 C
5641 5642 A
5642 5643 C
5643 5644 G
5645 5646 A
5645 6052 C
5645 6487 G
5645 7024 T
5646 5647 A
5646 5725 G
5646 5804 T
5647 5648 G
5648 5649 T
5649 5650 T
5650 5651 T
5651 5652 T
5652 5653 A
5653 5654 A
5654 5655 G
5655 5656 A
5656 5657 G
5657 5658 G
5658 5659 G
5659 5660 G
5660 5661 T
5661 5662 T
5662 5663 A
5663 5664 T
5664 5665 T
5665 5666 G
5666 5667 T
5667 5668 A
5668 5669 G
5669 5670 A
5670 5671 G
5671 5672 A
5672 5673 A
5673 5674 C
5674 5675 G
5675 5676 C
5676 5677 G
5677 5678 A
5678 5679 A
5679 5680 G
5680 5681 A
5681 5682 T
5682 5683 A
5683 5684 C
5684 5685 C
5685 5686 C
5686 5687 C
5687 5688 C
5688 5689 T
5689 5690 A
5690 5691 C
5691 5692 G
5692 5693 C
5693 5694 C
5694 5695 G
5695 5696 G
5696 5697 G
5697 5698 T
5698 5699 A
5699 5700 A
5700 5701 C
5701 5702 C
5702 5703 G
5703 5704 G
5704 5705 A
5705 5706 T
5706 5707 A
5707 5708 G
5708 5709 A
5709 5710 T
5710 5711 C
5711 5712 G
5712 5713 T
5713 5714 C
5714 5715 C
5715 5716 A
5716 5717 G
5717 5718 G
5718 5719 A
5719 5720 A
5720 5721 A
5721 5722 G
5722 5723 C
5723 5724 C
5725 5726 G
5726 5727 T
5727 5728 C
5728 5729 C
5729 5730 A
5730 5731 C
5731 5732 G
5732 5733 T
5733 5734 T
5734 5735 A
5735 5736 C
5736 5737 A
5737 5738 G
5738 5739 A
5739 5740 C
5740 5741 G
5741 5742 A
5742 5743 T
5743 5744 T
5744 5745 A
5745 5746 C
5746 5747 T
5747 5748 T
5748 5749 T
5749 5750 T
5750 5751 C
5751 5752 A
5752 5753 C
5753 5754 C
5754 5755 T
5755 5756 G
5756 5757 C
5757 5758 A
5758 5759 G
5759 5760 G
5760 5761 G
5761 5762 T
5762 5763 T
5763 5764 T
5764 5765 T
5765 5766 C
5766 5767 A
5767 5768 T
5768 5769 G
5769 5770 C
5770 5771 T
5771 5772 A
5772 5773 G
5773 5774 C
5774 5775 A
5775 5776 G
5776 5777 T
5777 5778 T
5778 5779 G
5779 5780 C
5780 5781 T
5781 5782 C
5782 5783 T
5783 5784 A
5784 5785 T
5785 5786 C
5786 5787 G
5787 5788 T
5788 5789 C
5789 5790 G
5790 5791 T
5791 5792 A
5792 5793 C
5793 5794 T
5794 5795 A
5795 5796 A
5796 5797 T
5797 5798 T
5798 5799 G
5799 5800 A
5800 5801 T
5801 5802 A
5802 5803 T
5804 5805 C
5804 5891 G
5804 5972 T
5805 5806 G
5806 5807 C
5807 5808 T
5808 5809 G
5809 5810 C
5810 5811 C
5811 5812 G
5812 5813 A
5813 5814 C
5814 5815 A
5815 5816 A
5816 5817 T
5817 5818 C
5818 5819 A
5819 5820 T
5820 5821 C
5821 5822 T
5822 5823 T
5823 5824 T
5824 5825 G
5825 5826 G
5826 5827 G
5827 5828 G
5828 5829 C
5829 5830 G
5830 5831 A
5831 5832 A
5832 5833 A
5833 5834 G
5834 5835 C
5835 5836 G
5836 5837 A
5837 5838 C
5838 5839 A
5839 5840 T
5840 5841 C
5841 5842 A
5842 5843 A
5843 5844 T
5844 5845 A
5845 5846 T
5846 5847 A
5847 5848 A
5848 5849 A
5849 5850 G
5850 5851 G
5851 5852 T
5852 5853 T
5853 5854 G
5854 5855 A
5855 5856 A
5856 5857 G
5857 5858 G
5858 5859 A
5859 5860 A
5860 5861 G
5861 5862 A
5862 5863 C
5863 5864 T
5864 5865 T
5865 5866 A
5866 5867 A
5867 5868 G
5868 5869 A
5869 5870 C
5870 5871 T
5871 5872 G
5872 5873 T
5873 5874 T
5874 5875 T
5875 5876 G
5876 5877 C
5877 5878 A
5878 5879 T
5879 5880 C
5880 5881 T
5881 5882 G
5882 5883 A
5883 5884 A
5884 5885 C
5885 5886 G
5886 5887 G
5887 5888 G
5888 5889 C
5889 5890 G
5891 5892 C
5892 5893 T
5893 5894 C
5894 5895 G
5895 5896 C
5896 5897 A
5897 5898 C
5898 5899 T
5899 5900 T
5900 5901 T
5901 5902 A
5902 5903 A
5903 5904 A
5904 5905 C
5905 5906 T
5906 5907 T
5907 5908 G
5908 5909 G
5909 5910 A
5910 5911 G
5911 5912 T
5912 5913 G
5913 5914 G
5914 5915 A
5915 5916 A
5916 5917 A
5917 5918 T
5918 5919 A
5919 5920 T
5920 5921 T
5921 5922 G
5922 5923 T
5923 5924 C
5924 5925 G
5925 5926 G
5926 5927 T
5927 5928 G
5928 5929 G
5929 5930 T
5930 5931 A
5931 5932 C
5932 5933 C
5933 5934 A
5934 5935 C
5935 5936 C
5936 5937 C
5937 5938 C
5938 5939 T
5939 5940 C
5940 5941 C
5941 5942 G
5942 5943 A
5943 5944 C
5944 5945 G
5945 5946 G
5946 5947 T
5947 5948 C
5948 5949 A
5949 5950 G
5950 5951 G
5951 5952 G
5952 5953 G
5953 5954 G
5954 5955 T
5955 5956 T
5956 5957 C
5957 5958 A
5958 5959 A
5959 5960 C
5960 5961 G
5961 5962 A
5962 5963 C
5963 5964 A
5964 5965 A
5965 5966 T
5966 5967 C
5967 5968 C
5968 5969 C
5969 5970 A
5970 5971 A
5972 5973 T
5973 5974 T
5974 5975 C
5975 5976 C
5976 5977 A
5977 5978 C
5978 5979 C
5979 5980 C
5980 5981 T
5981 5982 T
5982 5983 A
5983 5984 G
5984 5985 A
5985 5986 T
5986 5987 C
5987 5988 T
5988 5989 G
5989 5990 T
5990 5991 G
5991 5992 A
5992 5993 A
5993 5994 C
5994 5995 C
5995 5996 T
5996 5997 A
5997 5998 A
5998 5999 G
5999 6000 G
6000 6001 A
6001 6002 T
6002 6003 T
6003 6004 T
6004 6005 C
6005 6006 G
6006 6007 T
6007 6008 T
6008 6009 A
6009 6010 T
6010 6011 T
6011 6012 T
6012 6013 G
6013 6014 T
6014 6015 T
6015 6016 G
6016 6017 G
6017 6018 G
6018 6019 T
6019 6020 C
6020 6021 C
6021 6022 C
6022 6023 C
6023 6024 G
6024 6025 G
6025 6026 T
6026 6027 A
6027 6028 T
6028 6029 G
6029 6030 A
6030 6031 C
6031 6032 G
6032 6033 G
6033 6034 A
6034 6035 C
6035 6036 T
6036 6037 C
6037 6038 C
6038 6039 A
6039 6040 C
6040 6041 G
6041 6042 A
6042 6043 C
6043 6044 T
6044 6045 T
6045 6046 C
6046 6047 G
6047 6048 T
6048 6049 C
6049 6050 G
6050 6051 G
6052 6053 A
6052 6135 C
6052 6218 G
6052 6309 T
6053 6054 C
6054 6055 C
6055 6056 C
6056 6057 T
6057 6058 A
6058 6059 A
6059 6060 C
6060 6061 G
6061 6062 G
6062 6063 T
6063 6064 A
6064 6065 G
6065 6066 T
6066 6067 T
6067 6068 C
6068 6069 G
6069 6070 G
6070 6071 T
6071 6072 T
6072 6073 A
6073 6074 G
6074 6075 T
6075 6076 G
6076 6077 T
6077 6078 G
6078 6079 A
6079 6080 T
6080 6081 A
6081 6082 T
6082 6083 C
6083 6084 G
6084 6085 A
6085 6086 T
6086 6087 A
6087 6088 G
6088 6089 T
6089 6090 A
6090 6091 G
6091 6092 A
6092 6093 T
6093 6094 T
6094 6095 T
6095 6096 T
6096 6097 A
6097 6098 C
6098 6099 A
6099 6100 T
6100 6101 C
6101 6102 G
6102 6103 T
6103 6104 T
6104 6105 G
6105 6106 A
6106 6107 C
6107 6108 T
6108 6109 T
6109 6110 T
6110 6111 C
6111 6112 G
6112 6113 A
6113 6114 G
6114 6115 T
6115 6116 C
6116 6117 G
6117 6118 C
6118 6119 T
6119 6120 C
6120 6121 C
6121 6122 A
6122 6123 C
6123 6124 T
6124 6125 G
6125 6126 C
6126 6127 T
6127 6128 G
6128 6129 T
6129 6130 G
6130 6131 A
6131 6132 G
6132 6133 G
6133 6134 G
6135 6136 C
6136 6137 A
6137 6138 G
6138 6139 G
6139 6140 G
6140 6141 G
6141 6142 T
6142 6143 C
6143 6144 G
6144 6145 G
6145 6146 A
6146 6147 C
6147 6148 G
6148 6149 G
6149 6150 A
6150 6151 G
6151 6152 G
6152 6153 C
6153 6154 G
6154 6155 G
6155 6156 C
6156 6157 C
6157 6158 G
6158 6159 A
6159 6160 G
6160 6161 T
6161 6162 C
6162 6163 C
6163 6164 T
6164 6165 C
6165 6166 T
6166 6167 G
6167 6168 T
6168 6169 G
6169 6170 A
6170 6171 C
6171 6172 C
6172 6173 G
6173 6174 A
6174 6175 A
6175 6176 A
6176 6177 G
6177 6178 C
6178 6179 A
6179 6180 A
6180 6181 G
6181 6182 A
6182 6183 A
6183 6184 A
6184 6185 A
6185 6186 A
6186 6187 C
6187 6188 G
6188 6189 G
6189 6190 C
6190 6191 C
6191 6192 T
6192 6193 A
6193 6194 A
6194 6195 A
6195 6196 A
6196 6197 C
6197 6198 T
6198 6199 G
6199 6200 A
6200 6201 A
6201 6202 G
6202 6203 T
6203 6204 T
6204 6205 T
6205 6206 T
6206 6207 G
6207 6208 T
6208 6209 A
6209 6210 A
6210 6211 C
6211 6212 A
6212 6213 T
6213 6214 C
6214 6215 A
6215 6216 A
6216 6217 A
6218 6219 G
6219 6220 T
6220 6221 C
6221 6222 T
6222 6223 G
6223 6224 T
6224 6225 A
6225 6226 G
6226 6227 A
6227 6228 C
6228 6229 T
6229 6230 A
6230 6231 C
6231 6232 T
6232 6233 C
6233 6234 T
6234 6235 A
6235 6236 A
6236 6237 C
6237 6238 G
6238 6239 G
6239 6240 C
6240 6241 G
6241 6242 A
6242 6243 A
6243 6244 A
6244 6245 A
6245 6246 T
6246 6247 A
6247 6248 A
6248 6249 G
6249 6250 T
6250 6251 A
6251 6252 A
6252 6253 C
6253 6254 G
6254 6255 T
6255 6256 T
6256 6257 A
6257 6258 G
6258 6259 G
6259 6260 A
6260 6261 A
6261 6262 C
6262 6263 C
6263 6264 T
6264 6265 A
6265 6266 A
6266 6267 C
6267 6268 C
6268 6269 A
6269 6270 C
6270 6271 T
6271 6272 T
6272 6273 T
6273 6274 A
6274 6275 G
6275 6276 T
6276 6277 T
6277 6278 G
6278 6279 C
6279 6280 T
6280 6281 A
6281 6282 A
6282 6283 T
6283 6284 A
6284 6285 A
6285 6286 G
6286 6287 T
6287 6288 C
6288 6289 T
6289 6290 T
6290 6291 C
6291 6292 G
6292 6293 G
6293 6294 A
6294 6295 C
6295 6296 A
6296 6297 C
6297 6298 A
6298 6299 T
6299 6300 T
6300 6301 T
6301 6302 A
6302 6303 A
6303 6304 A
6304 6305 C
6305 6306 T
6306 6307 C
6307 6308 G
6309 6310 C
6309 6401 T
6310 6311 G
6311 6312 T
6312 6313 C
6313 6314 T
6314 6315 C
6315 6316 G
6316 6317 T
6317 6318 C
6318 6319 T
6319 6320 C
6320 6321 C
6321 6322 C
6322 6323 T
6323 6324 A
6324 6325 A
6325 6326 T
6326 6327 T
6327 6328 C
6328 6329 T
6329 6330 G
6330 6331 C
6331 6332 A
6332 6333 G
6333 6334 T
6334 6335 A
6335 6336 T
6336 6337 A
6337 6338 T
6338 6339 T
6339 6340 G
6340 6341 C
6341 6342 C
6342 6343 G
6343 6344 T
6344 6345 G
6345 6346 C
6346 6347 C
6347 6348 G
6348 6349 A
6349 6350 A
6350 6351 T
6351 6352 A
6352 6353 T
6353 6354 T
6354 6355 C
6355 6356 A
6356 6357 T
6357 6358 G
6358 6359 G
6359 6360 A
6360 6361 C
6361 6362 G
6362 6363 T
6363 6364 T
6364 6365 C
6365 6366 G
6366 6367 T
6367 6368 G
6368 6369 T
6369 6370 G
6370 6371 C
6371 6372 T
6372 6373 C
6373 6374 A
6374 6375 C
6375 6376 A
6376 6377 T
6377 6378 T
6378 6379 C
6379 6380 C
6380 6381 C
6381 6382 T
6382 6383 G
6383 6384 G
6384 6385 C
6385 6386 A
6386 6387 C
6387 6388 T
6388 6389 A
6389 6390 G
6390 6391 G
6391 6392 A
6392 6393 G
6393 6394 T
6394 6395 A
6395 6396 T
6396 6397 A
6397 6398 C
6398 6399 T
6399 6400 A
6401 6402 A
6402 6403 G
6403 6404 A
6404 6405 G
6405 6406 C
6406 6407 A
6407 6408 C
6408 6409 T
6409 6410 G
6410 6411 G
6411 6412 G
6412 6413 T
6413 6414 T
6414 6415 C
6415 6416 C
6416 6417 A
6417 6418 C
6418 6419 C
6419 6420 A
6420 6421 C
6421 6422 G
6422 6423 A
6423 6424 T
6424 6425 G
6425 6426 C
6426 6427 C
6427 6428 C
6428 6429 G
6429 6430 A
6430 6431 T
6431 6432 A
6432 6433 A
6433 6434 A
6434 6435 C
6435 6436 C
6436 6437 G
6437 6438 A
6438 6439 T
6439 6440 T
6440 6441 A
6441 6442 C
6442 6443 G
6443 6444 T
6444 6445 C
6445 6446 A
6446 6447 A
6447 6448 G
6448 6449 T
6449 6450 G
6450 6451 G
6451 6452 T
6452 6453 T
6453 6454 A
6454 6455 C
6455 6456 G
6456 6457 A
6457 6458 C
6458 6459 A
6459 6460 A
6460 6461 A
6461 6462 T
6462 6463 G
6463 6464 G
6464 6465 T
6465 6466 T
6466 6467 A
6467 6468 G
6468 6469 A
6469 6470 C
6470 6471 T
6471 6472 C
6472 6473 G
6473 6474 C
6474 6475 C
6475 6476 A
6476 6477 T
6477 6478 G
6478 6479 G
6479 6480 G
6480 6481 G
6481 6482 A
6482 6483 G
6483 6484 T
6484 6485 G
6485 6486 T
6487 6488 A
6487 6567 C
6487 6945 T
6488 6489 G
6489 6490 A
6490 6491 C
6491 6492 A
6492 6493 T
6493 6494 G
6494 6495 C
6495 6496 G
6496 6497 G
6497 6498 C
6498 6499 G
6499 6500 G
6500 6501 G
6501 6502 C
6502 6503 C
6503 6504 G
6504 6505 C
6505 6506 T
6506 6507 A
6507 6508 G
6508 6509 T
6509 6510 A
6510 6511 G
6511 6512 A
6512 6513 C
6513 6514 T
6514 6515 G
6515 6516 C
6516 6517 C
6517 6518 C
6518 6519 A
6519 6520 C
6520 6521 A
6521 6522 A
6522 6523 A
6523 6524 C
6524 6525 G
6525 6526 C
6526 6527 G
6527 6528 A
6528 6529 A
6529 6530 T
6530 6531 A
6531 6532 A
6532 6533 G
6533 6534 T
6534 6535 C
6535 6536 T
6536 6537 G
6537 6538 G
6538 6539 C
6539 6540 G
6540 6541 G
6541 6542 G
6542 6543 T
6543 6544 T
6544 6545 A
6545 6546 T
6546 6547 G
6547 6548 G
6548 6549 G
6549 6550 A
6550 6551 T
6551 6552 G
6552 6553 G
6553 6554 T
6554 6555 A
6555 6556 G
6556 6557 C
6557 6558 G
6558 6559 T
6559 6560 C
6560 6561 A
6561 6562 A
6562 6563 A
6563 6564 C
6564 6565 C
6565 6566 A
6567 6568 A
6567 6664 C
6567 6848 G
6568 6569 A
6569 6570 A
6570 6571 T
6571 6572 C
6572 6573 G
6573 6574 G
6574 6575 A
6575 6576 T
6576 6577 T
6577 6578 C
6578 6579 C
6579 6580 C
6580 6581 C
6581 6582 C
6582 6583 T
6583 6584 C
6584 6585 G
6585 6586 A
6586 6587 C
6587 6588 G
6588 6589 C
6589 6590 T
6590 6591 C
6591 6592 T
6592 6593 T
6593 6594 A
6594 6595 A
6595 6596 G
6596 6597 T
6597 6598 A
6598 6599 T
6599 6600 G
6600 6601 T
6601 6602 G
6602 6603 T
6603 6604 T
6604 6605 C
6605 6606 C
6606 6607 A
6607 6608 A
6608 6609 G
6609 6610 T
6610 6611 T
6611 6612 C
6612 6613 A
6613 6614 A
6614 6615 T
6615 6616 A
6616 6617 C
6617 6618 C
6618 6619 G
6619 6620 T
6620 6621 A
6621 6622 G
6622 6623 T
6623 6624 T
6624 6625 C
6625 6626 C
6626 6627 C
6627 6628 C
6628 6629 C
6629 6630 T
6630 6631 A
6631 6632 T
6632 6633 T
6633 6634 G
6634 6635 C
6635 6636 A
6636 6637 C
6637 6638 C
6638 6639 C
6639 6640 A
6640 6641 C
6641 6642 T
6642 6643 G
6643 6644 T
6644 6645 C
6645 6646 A
6646 6647 T
6647 6648 T
6648 6649 A
6649 6650 T
6650 6651 G
6651 6652 A
6652 6653 T
6653 6654 G
6654 6655 T
6655 6656 T
6656 6657 C
6657 6658 G
6658 6659 C
6659 6660 A
6660 6661 A
6661 6662 T
6662 6663 T
6664 6665 C
6664 6761 G
6665 6666 A
6666 6667 T
6667 6668 G
6668 6669 C
6669 6670 G
6670 6671 T
6671 6672 G
6672 6673 T
6673 6674 C
6674 6675 C
6675 6676 G
6676 6677 C
6677 6678 G
6678 6679 G
6679 6680 A
6680 6681 T
6681 6682 T
6682 6683 G
6683 6684 T
6684 6685 C
6685 6686 G
6686 6687 G
6687 6688 C
6688 6689 T
6689 6690 G
6690 6691 T
6691 6692 G
6692 6693 T
6693 6694 T
6694 6695 T
6695 6696 G
6696 6697 C
6697 6698 T
6698 6699 C
6699 6700 A
6700 6701 C
6701 6702 T
6702 6703 G
6703 6704 T
6704 6705 C
6705 6706 A
6706 6707 C
6707 6708 C
6708 6709 A
6709 6710 C
6710 6711 T
6711 6712 G
6712 6713 G
6713 6714 A
6714 6715 G
6715 6716 G
6716 6717 A
6717 6718 A
6718 6719 C
6719 6720 G
6720 6721 C
6721 6722 T
6722 6723 A
6723 6724 G
6724 6725 A
6725 6726 T
6726 6727 A
6727 6728 A
6728 6729 A
6729 6730 T
6730 6731 C
6731 6732 G
6732 6733 C
6733 6734 G
6734 6735 C
6735 6736 G
6736 6737 G
6737 6738 C
6738 6739 G
6739 6740 C
6740 6741 C
6741 6742 A
6742 6743 C
6743 6744 A
6744 6745 G
6745 6746 C
6746 6747 T
6747 6748 G
6748 6749 C
6749 6750 C
6750 6751 T
6751 6752 T
6752 6753 C
6753 6754 C
6754 6755 A
6755 6756 C
6756 6757 A
6757 6758 C
6758 6759 T
6759 6760 T
6761 6762 G
6762 6763 G
6763 6764 G
6764 6765 C
6765 6766 C
6766 6767 T
6767 6768 A
6768 6769 A
6769 6770 A
6770 6771 A
6771 6772 C
6772 6773 T
6773 6774 A
6774 6775 A
6775 6776 A
6776 6777 G
6777 6778 C
6778 6779 C
6779 6780 C
6780 6781 G
6781 6782 G
6782 6783 C
6783 6784 G
6784 6785 A
6785 6786 A
6786 6787 T
6787 6788 C
6788 6789 G
6789 6790 G
6790 6791 A
6791 6792 C
6792 6793 A
6793 6794 C
6794 6795 A
6795 6796 A
6796 6797 A
6797 6798 T
6798 6799 C
6799 6800 T
6800 6801 T
6801 6802 G
6802 6803 A
6803 6804 C
6804 6805 T
6805 6806 T
6806 6807 C
6807 6808 C
6808 6809 C
6809 6810 G
6810 6811 C
6811 6812 G
6812 6813 T
6813 6814 G
6814 6815 G
6815 6816 C
6816 6817 A
6817 6818 T
6818 6819 T
6819 6820 C
6820 6821 C
6821 6822 C
6822 6823 T
6823 6824 A
6824 6825 G
6825 6826 T
6826 6827 T
6827 6828 G
6828 6829 T
6829 6830 A
6830 6831 T
6831 6832 T
6832 6833 G
6833 6834 G
6834 6835 A
6835 6836 T
6836 6837 G
6837 6838 T
6838 6839 T
6839 6840 C
6840 6841 T
6841 6842 T
6842 6843 T
6843 6844 T
6844 6845 T
6845 6846 C
6846 6847 C
6848 6849 T
6849 6850 A
6850 6851 G
6851 6852 G
6852 6853 T
6853 6854 G
6854 6855 C
6855 6856 A
6856 6857 G
6857 6858 T
6858 6859 G
6859 6860 A
6860 6861 C
6861 6862 T
6862 6863 G
6863 6864 T
6864 6865 A
6865 6866 T
6866 6867 A
6867 6868 G
6868 6869 T
6869 6870 G
6870 6871 C
6871 6872 T
6872 6873 G
6873 6874 T
6874 6875 C
6875 6876 C
6876 6877 T
6877 6878 A
6878 6879 C
6879 6880 G
6880 6881 T
6881 6882 C
6882 6883 C
6883 6884 C
6884 6885 G
6885 6886 G
6886 6887 T
6887 6888 T
6888 6889 T
6889 6890 G
6890 6891 C
6891 6892 A
6892 6893 T
6893 6894 G
6894 6895 T
6895 6896 G
6896 6897 G
6897 6898 A
6898 6899 G
6899 6900 C
6900 6901 C
6901 6902 A
6902 6903 C
6903 6904 C
6904 6905 T
6905 6906 C
6906 6907 G
6907 6908 A
6908 6909 A
6909 6910 A
6910 6911 T
6911 6912 G
6912 6913 G
6913 6914 G
6914 6915 T
6915 6916 C
6916 6917 G
6917 6918 G
6918 6919 C
6919 6920 C
6920 6921 T
6921 6922 C
6922 6923 A
6923 6924 C
6924 6925 A
6925 6926 C
6926 6927 C
6927 6928 C
6928 6929 A
6929 6930 T
6930 6931 A
6931 6932 C
6932 6933 G
6933 6934 C
6934 6935 C
6935 6936 C
6936 6937 A
6937 6938 A
6938 6939 C
6939 6940 T
6940 6941 A
6941 6942 C
6942 6943 G
6943 6944 G
6945 6946 G
6946 6947 C
6947 6948 G
6948 6949 A
6949 6950 G
6950 6951 G
6951 6952 T
6952 6953 G
6953 6954 A
6954 6955 T
6955 6956 A
6956 6957 T
6957 6958 T
6958 6959 C
6959 6960 A
6960 6961 A
6961 6962 T
6962 6963 T
6963 6964 T
6964 6965 G
6965 6966 G
6966 6967 A
6967 6968 C
6968 6969 A
6969 6970 C
6970 6971 C
6971 6972 G
6972 6973 T
6973 6974 G
6974 6975 C
6975 6976 A
6976 6977 G
6977 6978 A
6978 6979 G
6979 6980 A
6980 6981 T
6981 6982 C
6982 6983 A
6983 6984 G
6984 6985 A
6985 6986 C
6986 6987 T
6987 6988 C
6988 6989 G
6989 6990 G
6990 6991 T
6991 6992 A
6992 6993 A
6993 6994 T
6994 6995 G
6995 6996 G
6996 6997 T
6997 6998 C
6998 6999 A
6999 7000 C
7000 7001 G
7001 7002 G
7002 7003 G
7003 7004 G
7004 7005 C
7005 7006 G
7006 7007 A
7007 7008 C
7008 7009 T
7009 7010 T
7010 7011 T
7011 7012 C
7012 7013 A
7013 7014 C
7014 7015 G
7015 7016 T
7016 7017 A
7017 7018 T
7018 7019 T
7019 7020 T
7020 7021 C
7021 7022 A
7022 7023 A
7024 7025 A
7024 7109 G
7024 7204 T
7025 7026 T
7026 7027 C
7027 7028 A
7028 7029 G
7029 7030 C
7030 7031 A
7031 7032 G
7032 7033 T
7033 7034 C
7034 7035 C
7035 7036 C
7036 7037 A
7037 7038 T
7038 7039 G
7039 7040 A
7040 7041 T
7041 7042 T
7042 7043 C
7043 7044 A
7044 7045 C
7045 7046 G
7046 7047 T
7047 7048 T
7048 7049 C
7049 7050 T
7050 7051 G
7051 7052 T
7052 7053 G
7053 7054 T
7054 7055 C
7055 7056 T
7056 7057 A
7057 7058 A
7058 7059 G
7059 7060 G
7060 7061 C
7061 7062 A
7062 7063 G
7063 7064 T
7064 7065 T
7065 7066 G
7066 7067 C
7067 7068 A
7068 7069 T
7069 7070 G
7070 7071 C
7071 7072 G
7072 7073 G
7073 7074 C
7074 7075 A
7075 7076 G
7076 7077 C
7077 7078 A
7078 7079 G
7079 7080 T
7080 7081 C
7081 7082 C
7082 7083 T
7083 7084 G
7084 7085 C
7085 7086 T
7086 7087 C
7087 7088 T
7088 7089 C
7089 7090 G
7090 7091 A
7091 7092 A
7092 7093 T
7093 7094 C
7094 7095 G
7095 7096 C
7096 7097 C
7097 7098 G
7098 7099 G
7099 7100 T
7100 7101 T
7101 7102 G
7102 7103 G
7103 7104 T
7104 7105 C
7105 7106 G
7106 7107 C
7107 7108 G
7109 7110 T
7110 7111 A
7111 7112 C
7112 7113 C
7113 7114 T
7114 7115 A
7115 7116 C
7116 7117 T
7117 7118 A
7118 7119 A
7119 7120 G
7120 7121 G
7121 7122 G
7122 7123 A
7123 7124 C
7124 7125 A
7125 7126 G
7126 7127 G
7127 7128 T
7128 7129 T
7129 7130 T
7130 7131 G
7131 7132 A
7132 7133 C
7133 7134 T
7134 7135 T
7135 7136 T
7136 7137 G
7137 7138 G
7138 7139 T
7139 7140 C
7140 7141 T
7141 7142 G
7142 7143 C
7143 7144 C
7144 7145 C
7145 7146 C
7146 7147 C
7147 7148 T
7148 7149 G
7149 7150 C
7150 7151 T
7151 7152 A
7152 7153 G
7153 7154 C
7154 7155 A
7155 7156 C
7156 7157 C
7157 7158 C
7158 7159 A
7159 7160 G
7160 7161 C
7161 7162 T
7162 7163 C
7163 7164 T
7164 7165 C
7165 7166 C
7166 7167 C
7167 7168 G
7168 7169 G
7169 7170 T
7170 7171 A
7171 7172 C
7172 7173 T
7173 7174 C
7174 7175 G
7175 7176 G
7176 7177 A
7177 7178 T
7178 7179 A
7179 7180 A
7180 7181 G
7181 7182 A
7182 7183 G
7183 7184 T
7184 7185 A
7185 7186 C
7186 7187 A
7187 7188 A
7188 7189 A
7189 7190 G
7190 7191 G
7191 7192 T
7192 7193 T
7193 7194 C
7194 7195 C
7195 7196 G
7196 7197 G
7197 7198 C
7198 7199 G
7199 7200 A
7200 7201 G
7201 7202 G
7202 7203 A
7204 7205 G
7205 7206 A
7205 7302 G
7205 7378 T
7206 7207 G
7207 7208 T
7208 7209 T
7209 7210 A
7210 7211 C
7211 7212 T
7212 7213 C
7213 7214 A
7214 7215 G
7215 7216 A
7216 7217 C
7217 7218 G
7218 7219 G
7219 7220 A
7220 7221 C
7221 7222 T
7222 7223 T
7223 7224 A
7224 7225 C
7225 7226 T
7226 7227 A
7227 7228 A
7228 7229 G
7229 7230 C
7230 7231 C
7231 7232 T
7232 7233 C
7233 7234 C
7234 7235 T
7235 7236 G
7236 7237 G
7237 7238 A
7238 7239 A
7239 7240 C
7240 7241 T
7241 7242 C
7242 7243 C
7243 7244 G
7244 7245 C
7245 7246 G
7246 7247 A
7247 7248 T
7248 7249 G
7249 7250 C
7250 7251 T
7251 7252 T
7252 7253 T
7253 7254 A
7254 7255 G
7255 7256 A
7256 7257 C
7257 7258 C
7258 7259 C
7259 7260 T
7260 7261 A
7261 7262 T
7262 7263 G
7263 7264 C
7264 7265 G
7265 7266 G
7266 7267 G
7267 7268 A
7268 7269 G
7269 7270 A
7270 7271 A
7271 7272 A
7272 7273 G
7273 7274 C
7274 7275 A
7275 7276 A
7276 7277 A
7277 7278 T
7278 7279 T
7279 7280 G
7280 7281 C
7281 7282 G
7282 7283 G
7283 7284 T
7284 7285 T
7285 7286 G
7286 7287 G
7287 7288 T
7288 7289 A
7289 7290 T
7290 7291 A
7291 7292 G
7292 7293 A
7293 7294 T
7294 7295 A
7295 7296 C
7296 7297 C
7297 7298 G
7298 7299 G
7299 7300 A
7300 7301 T
7302 7303 A
7303 7304 A
7304 7305 T
7305 7306 G
7306 7307 C
7307 7308 G
7308 7309 G
7309 7310 T
7310 7311 T
7311 7312 T
7312 7313 A
7313 7314 C
7314 7315 T
7315 7316 A
7316 7317 C
7317 7318 A
7318 7319 C
7319 7320 C
7320 7321 T
7321 7322 A
7322 7323 G
7323 7324 G
7324 7325 G
7325 7326 C
7326 7327 G
7327 7328 G
7328 7329 T
7329 7330 A
7330 7331 G
7331 7332 A
7332 7333 T
7333 7334 G
7334 7335 G
7335 7336 C
7336 7337 A
7337 7338 G
7338 7339 T
7339 7340 C
7340 7341 A
7341 7342 G
7342 7343 T
7343 7344 G
7344 7345 T
7345 7346 T
7346 7347 A
7347 7348 G
7348 7349 C
7349 7350 T
7350 7351 T
7351 7352 G
7352 7353 A
7353 7354 T
7354 7355 T
7355 7356 C
7356 7357 T
7357 7358 C
7358 7359 A
7359 7360 A
7360 7361 T
7361 7362 A
7362 7363 A
7363 7364 G
7364 7365 T
7365 7366 G
7366 7367 T
7367 7368 C
7368 7369 G
7369 7370 T
7370 7371 G
7371 7372 C
7372 7373 A
7373 7374 T
7374 7375 A
7375 7376 G
7376 7377 C
7378 7379 T
7379 7380 C
7380 7381 A
7381 7382 G
7382 7383 T
7383 7384 C
7384 7385 A
7385 7386 T
7386 7387 C
7387 7388 A
7388 7389 G
7389 7390 G
7390 7391 C
7391 7392 T
7392 7393 A
7393 7394 A
7394 7395 G
7395 7396 G
7396 7397 C
7397 7398 C
7398 7399 C
7399 7400 T
7400 7401 A
7401 7402 C
7402 7403 G
7403 7404 T
7404 7405 T
7405 7406 G
7406 7407 T
7407 7408 G
7408 7409 G
7409 7410 A
7410 7411 A
7411 7412 T
7412 7413 A
7413 7414 A
7414 7415 T
7415 7416 A
7416 7417 G
7417 7418 A
7418 7419 G
7419 7420 A
7420 7421 C
7421 7422 C
7422 7423 T
7423 7424 C
7424 7425 G
7425 7426 G
7426 7427 A
7427 7428 C
7428 7429 A
7429 7430 T
7430 7431 G
7431 7432 A
7432 7433 G
7433 7434 C
7434 7435 C
7435 7436 T
7436 7437 G
7437 7438 A
7438 7439 A
7439 7440 C
7440 7441 A
7441 7442 T
7442 7443 C
7443 7444 C
7444 7445 A
7445 7446 G
7446 7447 T
7447 7448 C
7448 7449 C
7449 7450 A
7450 7451 A
7451 7452 C
7452 7453 T
7453 7454 T
7454 7455 A
7455 7456 A
7456 7457 G
